2023-10-26T23:15:02+00:00 CRITICAL Uncaught Error: Call to undefined function get_breadcrumb() in /Users/djohnson/Documents/dev-projects/roburritos-new/wp-content/themes/white-roses/template-parts/content-page.php:51
Stack trace:
#0 /Users/djohnson/Documents/dev-projects/roburritos-new/wp-includes/template.php(787): require()
#1 /Users/djohnson/Documents/dev-projects/roburritos-new/wp-includes/template.php(720): load_template('/Users/djohnson...', false, Array)
#2 /Users/djohnson/Documents/dev-projects/roburritos-new/wp-includes/general-template.php(206): locate_template(Array, true, false, Array)
#3 /Users/djohnson/Documents/dev-projects/roburritos-new/wp-content/themes/white-roses/page.php(24): get_template_part('template-parts/...', 'page')
#4 /Users/djohnson/Documents/dev-projects/roburritos-new/wp-includes/template-loader.php(106): include('/Users/djohnson...')
#5 /Users/djohnson/Documents/dev-projects/roburritos-new/wp-blog-header.php(19): require_once('/Users/djohnson...')
#6 /Users/djohnson/Documents/dev-projects/roburritos-new/index.php(17): require('/Users/djohnson...')
#7 {main}
  thrown in /Users/djohnson/Documents/dev-projects/roburritos-new/wp-content/themes/white-roses/template-parts/content-page.php on line 51

2023-10-26T23:15:04+00:00 CRITICAL Uncaught Error: Call to undefined function get_breadcrumb() in /Users/djohnson/Documents/dev-projects/roburritos-new/wp-content/themes/white-roses/template-parts/content-page.php:51
Stack trace:
#0 /Users/djohnson/Documents/dev-projects/roburritos-new/wp-includes/template.php(787): require()
#1 /Users/djohnson/Documents/dev-projects/roburritos-new/wp-includes/template.php(720): load_template('/Users/djohnson...', false, Array)
#2 /Users/djohnson/Documents/dev-projects/roburritos-new/wp-includes/general-template.php(206): locate_template(Array, true, false, Array)
#3 /Users/djohnson/Documents/dev-projects/roburritos-new/wp-content/themes/white-roses/page.php(24): get_template_part('template-parts/...', 'page')
#4 /Users/djohnson/Documents/dev-projects/roburritos-new/wp-includes/template-loader.php(106): include('/Users/djohnson...')
#5 /Users/djohnson/Documents/dev-projects/roburritos-new/wp-blog-header.php(19): require_once('/Users/djohnson...')
#6 /Users/djohnson/Documents/dev-projects/roburritos-new/index.php(17): require('/Users/djohnson...')
#7 {main}
  thrown in /Users/djohnson/Documents/dev-projects/roburritos-new/wp-content/themes/white-roses/template-parts/content-page.php on line 51

2023-10-26T23:15:05+00:00 CRITICAL Uncaught Error: Call to undefined function get_breadcrumb() in /Users/djohnson/Documents/dev-projects/roburritos-new/wp-content/themes/white-roses/template-parts/content-page.php:51
Stack trace:
#0 /Users/djohnson/Documents/dev-projects/roburritos-new/wp-includes/template.php(787): require()
#1 /Users/djohnson/Documents/dev-projects/roburritos-new/wp-includes/template.php(720): load_template('/Users/djohnson...', false, Array)
#2 /Users/djohnson/Documents/dev-projects/roburritos-new/wp-includes/general-template.php(206): locate_template(Array, true, false, Array)
#3 /Users/djohnson/Documents/dev-projects/roburritos-new/wp-content/themes/white-roses/page.php(24): get_template_part('template-parts/...', 'page')
#4 /Users/djohnson/Documents/dev-projects/roburritos-new/wp-includes/template-loader.php(106): include('/Users/djohnson...')
#5 /Users/djohnson/Documents/dev-projects/roburritos-new/wp-blog-header.php(19): require_once('/Users/djohnson...')
#6 /Users/djohnson/Documents/dev-projects/roburritos-new/index.php(17): require('/Users/djohnson...')
#7 {main}
  thrown in /Users/djohnson/Documents/dev-projects/roburritos-new/wp-content/themes/white-roses/template-parts/content-page.php on line 51

2023-10-26T23:15:06+00:00 CRITICAL Uncaught Error: Call to undefined function get_breadcrumb() in /Users/djohnson/Documents/dev-projects/roburritos-new/wp-content/themes/white-roses/template-parts/content-page.php:51
Stack trace:
#0 /Users/djohnson/Documents/dev-projects/roburritos-new/wp-includes/template.php(787): require()
#1 /Users/djohnson/Documents/dev-projects/roburritos-new/wp-includes/template.php(720): load_template('/Users/djohnson...', false, Array)
#2 /Users/djohnson/Documents/dev-projects/roburritos-new/wp-includes/general-template.php(206): locate_template(Array, true, false, Array)
#3 /Users/djohnson/Documents/dev-projects/roburritos-new/wp-content/themes/white-roses/page.php(24): get_template_part('template-parts/...', 'page')
#4 /Users/djohnson/Documents/dev-projects/roburritos-new/wp-includes/template-loader.php(106): include('/Users/djohnson...')
#5 /Users/djohnson/Documents/dev-projects/roburritos-new/wp-blog-header.php(19): require_once('/Users/djohnson...')
#6 /Users/djohnson/Documents/dev-projects/roburritos-new/index.php(17): require('/Users/djohnson...')
#7 {main}
  thrown in /Users/djohnson/Documents/dev-projects/roburritos-new/wp-content/themes/white-roses/template-parts/content-page.php on line 51

2023-10-26T23:15:06+00:00 CRITICAL Uncaught Error: Call to undefined function get_breadcrumb() in /Users/djohnson/Documents/dev-projects/roburritos-new/wp-content/themes/white-roses/template-parts/content-page.php:51
Stack trace:
#0 /Users/djohnson/Documents/dev-projects/roburritos-new/wp-includes/template.php(787): require()
#1 /Users/djohnson/Documents/dev-projects/roburritos-new/wp-includes/template.php(720): load_template('/Users/djohnson...', false, Array)
#2 /Users/djohnson/Documents/dev-projects/roburritos-new/wp-includes/general-template.php(206): locate_template(Array, true, false, Array)
#3 /Users/djohnson/Documents/dev-projects/roburritos-new/wp-content/themes/white-roses/page.php(24): get_template_part('template-parts/...', 'page')
#4 /Users/djohnson/Documents/dev-projects/roburritos-new/wp-includes/template-loader.php(106): include('/Users/djohnson...')
#5 /Users/djohnson/Documents/dev-projects/roburritos-new/wp-blog-header.php(19): require_once('/Users/djohnson...')
#6 /Users/djohnson/Documents/dev-projects/roburritos-new/index.php(17): require('/Users/djohnson...')
#7 {main}
  thrown in /Users/djohnson/Documents/dev-projects/roburritos-new/wp-content/themes/white-roses/template-parts/content-page.php on line 51

2023-10-26T23:15:07+00:00 CRITICAL Uncaught Error: Call to undefined function get_breadcrumb() in /Users/djohnson/Documents/dev-projects/roburritos-new/wp-content/themes/white-roses/template-parts/content-page.php:51
Stack trace:
#0 /Users/djohnson/Documents/dev-projects/roburritos-new/wp-includes/template.php(787): require()
#1 /Users/djohnson/Documents/dev-projects/roburritos-new/wp-includes/template.php(720): load_template('/Users/djohnson...', false, Array)
#2 /Users/djohnson/Documents/dev-projects/roburritos-new/wp-includes/general-template.php(206): locate_template(Array, true, false, Array)
#3 /Users/djohnson/Documents/dev-projects/roburritos-new/wp-content/themes/white-roses/page.php(24): get_template_part('template-parts/...', 'page')
#4 /Users/djohnson/Documents/dev-projects/roburritos-new/wp-includes/template-loader.php(106): include('/Users/djohnson...')
#5 /Users/djohnson/Documents/dev-projects/roburritos-new/wp-blog-header.php(19): require_once('/Users/djohnson...')
#6 /Users/djohnson/Documents/dev-projects/roburritos-new/index.php(17): require('/Users/djohnson...')
#7 {main}
  thrown in /Users/djohnson/Documents/dev-projects/roburritos-new/wp-content/themes/white-roses/template-parts/content-page.php on line 51

2023-10-26T23:15:09+00:00 CRITICAL Uncaught Error: Call to undefined function get_breadcrumb() in /Users/djohnson/Documents/dev-projects/roburritos-new/wp-content/themes/white-roses/template-parts/content-page.php:51
Stack trace:
#0 /Users/djohnson/Documents/dev-projects/roburritos-new/wp-includes/template.php(787): require()
#1 /Users/djohnson/Documents/dev-projects/roburritos-new/wp-includes/template.php(720): load_template('/Users/djohnson...', false, Array)
#2 /Users/djohnson/Documents/dev-projects/roburritos-new/wp-includes/general-template.php(206): locate_template(Array, true, false, Array)
#3 /Users/djohnson/Documents/dev-projects/roburritos-new/wp-content/themes/white-roses/page.php(24): get_template_part('template-parts/...', 'page')
#4 /Users/djohnson/Documents/dev-projects/roburritos-new/wp-includes/template-loader.php(106): include('/Users/djohnson...')
#5 /Users/djohnson/Documents/dev-projects/roburritos-new/wp-blog-header.php(19): require_once('/Users/djohnson...')
#6 /Users/djohnson/Documents/dev-projects/roburritos-new/index.php(17): require('/Users/djohnson...')
#7 {main}
  thrown in /Users/djohnson/Documents/dev-projects/roburritos-new/wp-content/themes/white-roses/template-parts/content-page.php on line 51

