2023-11-14T21:33:45+00:00 CRITICAL syntax error, unexpected single-quoted string "crb_slides", expecting ")" in /Users/djohnson/Documents/dev-projects/roburritos-new/wp-content/themes/white-roses/functions.php on line 34

2023-11-14T21:33:46+00:00 CRITICAL syntax error, unexpected single-quoted string "crb_slides", expecting ")" in /Users/djohnson/Documents/dev-projects/roburritos-new/wp-content/themes/white-roses/functions.php on line 34

2023-11-14T21:39:49+00:00 CRITICAL Uncaught ArgumentCountError: Too few arguments to function Carbon_Fields\Field\Field::factory(), 1 passed and at least 2 expected in /Users/djohnson/Documents/dev-projects/roburritos-new/wp-content/themes/white-roses/vendor/htmlburger/carbon-fields/core/Field/Field.php:216
Stack trace:
#0 [internal function]: Carbon_Fields\Field\Field::factory('phone_number')
#1 /Users/djohnson/Documents/dev-projects/roburritos-new/wp-content/themes/white-roses/vendor/htmlburger/carbon-fields/core/Field.php(47): call_user_func_array(Array, Array)
#2 [internal function]: Carbon_Fields\Field::factory('phone_number')
#3 /Users/djohnson/Documents/dev-projects/roburritos-new/wp-content/themes/white-roses/vendor/htmlburger/carbon-fields/core/Field.php(57): call_user_func_array(Array, Array)
#4 /Users/djohnson/Documents/dev-projects/roburritos-new/wp-content/themes/white-roses/functions.php(38): Carbon_Fields\Field::make('phone_number')
#5 /Users/djohnson/Documents/dev-projects/roburritos-new/wp-includes/class-wp-hook.php(324): crb_attach_theme_options('')
#6 /Users/djohnson/Documents/dev-projects/roburritos-new/wp-includes/class-wp-hook.php(348): WP_Hook->apply_filters('', Array)
#7 /Users/djohnson/Documents/dev-projects/roburritos-new/wp-includes/plugin.php(517): WP_Hook->do_action(Array)
#8 /Users/djohnson/Documents/dev-projects/roburritos-new/wp-content/themes/white-roses/vendor/htmlburger/carbon-fields/core/Loader/Loader.php(113): do_action('carbon_fields_r...')
#9 /Users/djohnson/Documents/dev-projects/roburritos-new/wp-includes/class-wp-hook.php(324): Carbon_Fields\Loader\Loader->trigger_fields_register('')
#10 /Users/djohnson/Documents/dev-projects/roburritos-new/wp-includes/class-wp-hook.php(348): WP_Hook->apply_filters(NULL, Array)
#11 /Users/djohnson/Documents/dev-projects/roburritos-new/wp-includes/plugin.php(517): WP_Hook->do_action(Array)
#12 /Users/djohnson/Documents/dev-projects/roburritos-new/wp-settings.php(643): do_action('init')
#13 /Users/djohnson/Documents/dev-projects/roburritos-new/wp-config.php(97): require_once('/Users/djohnson...')
#14 /Users/djohnson/Documents/dev-projects/roburritos-new/wp-load.php(50): require_once('/Users/djohnson...')
#15 /Users/djohnson/Documents/dev-projects/roburritos-new/wp-admin/admin.php(34): require_once('/Users/djohnson...')
#16 {main}
  thrown in /Users/djohnson/Documents/dev-projects/roburritos-new/wp-content/themes/white-roses/vendor/htmlburger/carbon-fields/core/Field/Field.php on line 216

2023-11-14T21:39:51+00:00 CRITICAL Uncaught ArgumentCountError: Too few arguments to function Carbon_Fields\Field\Field::factory(), 1 passed and at least 2 expected in /Users/djohnson/Documents/dev-projects/roburritos-new/wp-content/themes/white-roses/vendor/htmlburger/carbon-fields/core/Field/Field.php:216
Stack trace:
#0 [internal function]: Carbon_Fields\Field\Field::factory('phone_number')
#1 /Users/djohnson/Documents/dev-projects/roburritos-new/wp-content/themes/white-roses/vendor/htmlburger/carbon-fields/core/Field.php(47): call_user_func_array(Array, Array)
#2 [internal function]: Carbon_Fields\Field::factory('phone_number')
#3 /Users/djohnson/Documents/dev-projects/roburritos-new/wp-content/themes/white-roses/vendor/htmlburger/carbon-fields/core/Field.php(57): call_user_func_array(Array, Array)
#4 /Users/djohnson/Documents/dev-projects/roburritos-new/wp-content/themes/white-roses/functions.php(38): Carbon_Fields\Field::make('phone_number')
#5 /Users/djohnson/Documents/dev-projects/roburritos-new/wp-includes/class-wp-hook.php(324): crb_attach_theme_options('')
#6 /Users/djohnson/Documents/dev-projects/roburritos-new/wp-includes/class-wp-hook.php(348): WP_Hook->apply_filters('', Array)
#7 /Users/djohnson/Documents/dev-projects/roburritos-new/wp-includes/plugin.php(517): WP_Hook->do_action(Array)
#8 /Users/djohnson/Documents/dev-projects/roburritos-new/wp-content/themes/white-roses/vendor/htmlburger/carbon-fields/core/Loader/Loader.php(113): do_action('carbon_fields_r...')
#9 /Users/djohnson/Documents/dev-projects/roburritos-new/wp-includes/class-wp-hook.php(324): Carbon_Fields\Loader\Loader->trigger_fields_register('')
#10 /Users/djohnson/Documents/dev-projects/roburritos-new/wp-includes/class-wp-hook.php(348): WP_Hook->apply_filters(NULL, Array)
#11 /Users/djohnson/Documents/dev-projects/roburritos-new/wp-includes/plugin.php(517): WP_Hook->do_action(Array)
#12 /Users/djohnson/Documents/dev-projects/roburritos-new/wp-settings.php(643): do_action('init')
#13 /Users/djohnson/Documents/dev-projects/roburritos-new/wp-config.php(97): require_once('/Users/djohnson...')
#14 /Users/djohnson/Documents/dev-projects/roburritos-new/wp-load.php(50): require_once('/Users/djohnson...')
#15 /Users/djohnson/Documents/dev-projects/roburritos-new/wp-admin/admin.php(34): require_once('/Users/djohnson...')
#16 {main}
  thrown in /Users/djohnson/Documents/dev-projects/roburritos-new/wp-content/themes/white-roses/vendor/htmlburger/carbon-fields/core/Field/Field.php on line 216

2023-11-14T21:40:31+00:00 CRITICAL Unclosed '{' on line 25 does not match ')' in /Users/djohnson/Documents/dev-projects/roburritos-new/wp-content/themes/white-roses/functions.php on line 44

2023-11-14T21:40:33+00:00 CRITICAL Unclosed '{' on line 25 does not match ')' in /Users/djohnson/Documents/dev-projects/roburritos-new/wp-content/themes/white-roses/functions.php on line 44

2023-11-14T21:40:43+00:00 CRITICAL Uncaught TypeError: preg_match(): Argument #2 ($subject) must be of type string, array given in /Users/djohnson/Documents/dev-projects/roburritos-new/wp-content/themes/white-roses/vendor/htmlburger/carbon-fields/core/Helper/Helper.php:477
Stack trace:
#0 /Users/djohnson/Documents/dev-projects/roburritos-new/wp-content/themes/white-roses/vendor/htmlburger/carbon-fields/core/Helper/Helper.php(477): preg_match('/\\A[a-z0-9_\\-]+...', Array)
#1 /Users/djohnson/Documents/dev-projects/roburritos-new/wp-content/themes/white-roses/vendor/htmlburger/carbon-fields/core/Field/Field.php(221): Carbon_Fields\Helper\Helper::is_valid_entity_id(Array)
#2 [internal function]: Carbon_Fields\Field\Field::factory('phone_number', Array)
#3 /Users/djohnson/Documents/dev-projects/roburritos-new/wp-content/themes/white-roses/vendor/htmlburger/carbon-fields/core/Field.php(47): call_user_func_array(Array, Array)
#4 [internal function]: Carbon_Fields\Field::factory('phone_number', Array)
#5 /Users/djohnson/Documents/dev-projects/roburritos-new/wp-content/themes/white-roses/vendor/htmlburger/carbon-fields/core/Field.php(57): call_user_func_array(Array, Array)
#6 /Users/djohnson/Documents/dev-projects/roburritos-new/wp-content/themes/white-roses/functions.php(40): Carbon_Fields\Field::make('phone_number', Array)
#7 /Users/djohnson/Documents/dev-projects/roburritos-new/wp-includes/class-wp-hook.php(324): crb_attach_theme_options('')
#8 /Users/djohnson/Documents/dev-projects/roburritos-new/wp-includes/class-wp-hook.php(348): WP_Hook->apply_filters('', Array)
#9 /Users/djohnson/Documents/dev-projects/roburritos-new/wp-includes/plugin.php(517): WP_Hook->do_action(Array)
#10 /Users/djohnson/Documents/dev-projects/roburritos-new/wp-content/themes/white-roses/vendor/htmlburger/carbon-fields/core/Loader/Loader.php(113): do_action('carbon_fields_r...')
#11 /Users/djohnson/Documents/dev-projects/roburritos-new/wp-includes/class-wp-hook.php(324): Carbon_Fields\Loader\Loader->trigger_fields_register('')
#12 /Users/djohnson/Documents/dev-projects/roburritos-new/wp-includes/class-wp-hook.php(348): WP_Hook->apply_filters(NULL, Array)
#13 /Users/djohnson/Documents/dev-projects/roburritos-new/wp-includes/plugin.php(517): WP_Hook->do_action(Array)
#14 /Users/djohnson/Documents/dev-projects/roburritos-new/wp-settings.php(643): do_action('init')
#15 /Users/djohnson/Documents/dev-projects/roburritos-new/wp-config.php(97): require_once('/Users/djohnson...')
#16 /Users/djohnson/Documents/dev-projects/roburritos-new/wp-load.php(50): require_once('/Users/djohnson...')
#17 /Users/djohnson/Documents/dev-projects/roburritos-new/wp-admin/admin.php(34): require_once('/Users/djohnson...')
#18 {main}
  thrown in /Users/djohnson/Documents/dev-projects/roburritos-new/wp-content/themes/white-roses/vendor/htmlburger/carbon-fields/core/Helper/Helper.php on line 477

2023-11-14T21:40:44+00:00 CRITICAL Uncaught TypeError: preg_match(): Argument #2 ($subject) must be of type string, array given in /Users/djohnson/Documents/dev-projects/roburritos-new/wp-content/themes/white-roses/vendor/htmlburger/carbon-fields/core/Helper/Helper.php:477
Stack trace:
#0 /Users/djohnson/Documents/dev-projects/roburritos-new/wp-content/themes/white-roses/vendor/htmlburger/carbon-fields/core/Helper/Helper.php(477): preg_match('/\\A[a-z0-9_\\-]+...', Array)
#1 /Users/djohnson/Documents/dev-projects/roburritos-new/wp-content/themes/white-roses/vendor/htmlburger/carbon-fields/core/Field/Field.php(221): Carbon_Fields\Helper\Helper::is_valid_entity_id(Array)
#2 [internal function]: Carbon_Fields\Field\Field::factory('phone_number', Array)
#3 /Users/djohnson/Documents/dev-projects/roburritos-new/wp-content/themes/white-roses/vendor/htmlburger/carbon-fields/core/Field.php(47): call_user_func_array(Array, Array)
#4 [internal function]: Carbon_Fields\Field::factory('phone_number', Array)
#5 /Users/djohnson/Documents/dev-projects/roburritos-new/wp-content/themes/white-roses/vendor/htmlburger/carbon-fields/core/Field.php(57): call_user_func_array(Array, Array)
#6 /Users/djohnson/Documents/dev-projects/roburritos-new/wp-content/themes/white-roses/functions.php(40): Carbon_Fields\Field::make('phone_number', Array)
#7 /Users/djohnson/Documents/dev-projects/roburritos-new/wp-includes/class-wp-hook.php(324): crb_attach_theme_options('')
#8 /Users/djohnson/Documents/dev-projects/roburritos-new/wp-includes/class-wp-hook.php(348): WP_Hook->apply_filters('', Array)
#9 /Users/djohnson/Documents/dev-projects/roburritos-new/wp-includes/plugin.php(517): WP_Hook->do_action(Array)
#10 /Users/djohnson/Documents/dev-projects/roburritos-new/wp-content/themes/white-roses/vendor/htmlburger/carbon-fields/core/Loader/Loader.php(113): do_action('carbon_fields_r...')
#11 /Users/djohnson/Documents/dev-projects/roburritos-new/wp-includes/class-wp-hook.php(324): Carbon_Fields\Loader\Loader->trigger_fields_register('')
#12 /Users/djohnson/Documents/dev-projects/roburritos-new/wp-includes/class-wp-hook.php(348): WP_Hook->apply_filters(NULL, Array)
#13 /Users/djohnson/Documents/dev-projects/roburritos-new/wp-includes/plugin.php(517): WP_Hook->do_action(Array)
#14 /Users/djohnson/Documents/dev-projects/roburritos-new/wp-settings.php(643): do_action('init')
#15 /Users/djohnson/Documents/dev-projects/roburritos-new/wp-config.php(97): require_once('/Users/djohnson...')
#16 /Users/djohnson/Documents/dev-projects/roburritos-new/wp-load.php(50): require_once('/Users/djohnson...')
#17 /Users/djohnson/Documents/dev-projects/roburritos-new/wp-admin/admin.php(34): require_once('/Users/djohnson...')
#18 {main}
  thrown in /Users/djohnson/Documents/dev-projects/roburritos-new/wp-content/themes/white-roses/vendor/htmlburger/carbon-fields/core/Helper/Helper.php on line 477

2023-11-14T21:56:39+00:00 CRITICAL syntax error, unexpected token "(", expecting ":" in /Users/djohnson/Documents/dev-projects/roburritos-new/wp-content/themes/white-roses/functions.php on line 55

2023-11-14T22:01:00+00:00 CRITICAL syntax error, unexpected token "->", expecting ")" in /Users/djohnson/Documents/dev-projects/roburritos-new/wp-content/themes/white-roses/functions.php on line 75

2023-11-14T22:01:01+00:00 CRITICAL syntax error, unexpected token "->", expecting ")" in /Users/djohnson/Documents/dev-projects/roburritos-new/wp-content/themes/white-roses/functions.php on line 75

2023-11-14T22:59:12+00:00 CRITICAL syntax error, unexpected end of file, expecting "elseif" or "else" or "endif" in /Users/djohnson/Documents/dev-projects/roburritos-new/wp-content/themes/white-roses/footer.php on line 71

2023-11-14T22:59:13+00:00 CRITICAL syntax error, unexpected end of file, expecting "elseif" or "else" or "endif" in /Users/djohnson/Documents/dev-projects/roburritos-new/wp-content/themes/white-roses/footer.php on line 71

2023-11-14T22:59:14+00:00 CRITICAL syntax error, unexpected end of file, expecting "elseif" or "else" or "endif" in /Users/djohnson/Documents/dev-projects/roburritos-new/wp-content/themes/white-roses/footer.php on line 71

2023-11-14T22:59:36+00:00 CRITICAL Uncaught TypeError: count(): Argument #1 ($var) must be of type Countable|array, null given in /Users/djohnson/Documents/dev-projects/roburritos-new/wp-content/themes/white-roses/footer.php:38
Stack trace:
#0 /Users/djohnson/Documents/dev-projects/roburritos-new/wp-includes/template.php(790): require_once()
#1 /Users/djohnson/Documents/dev-projects/roburritos-new/wp-includes/template.php(725): load_template('/Users/djohnson...', true, Array)
#2 /Users/djohnson/Documents/dev-projects/roburritos-new/wp-includes/general-template.php(92): locate_template(Array, true, true, Array)
#3 /Users/djohnson/Documents/dev-projects/roburritos-new/wp-content/themes/white-roses/page.php(33): get_footer()
#4 /Users/djohnson/Documents/dev-projects/roburritos-new/wp-includes/template-loader.php(106): include('/Users/djohnson...')
#5 /Users/djohnson/Documents/dev-projects/roburritos-new/wp-blog-header.php(19): require_once('/Users/djohnson...')
#6 /Users/djohnson/Documents/dev-projects/roburritos-new/index.php(17): require('/Users/djohnson...')
#7 {main}
  thrown in /Users/djohnson/Documents/dev-projects/roburritos-new/wp-content/themes/white-roses/footer.php on line 38

2023-11-14T23:01:55+00:00 CRITICAL Uncaught Error: Undefined constant "location" in /Users/djohnson/Documents/dev-projects/roburritos-new/wp-content/themes/white-roses/footer.php:43
Stack trace:
#0 /Users/djohnson/Documents/dev-projects/roburritos-new/wp-includes/template.php(790): require_once()
#1 /Users/djohnson/Documents/dev-projects/roburritos-new/wp-includes/template.php(725): load_template('/Users/djohnson...', true, Array)
#2 /Users/djohnson/Documents/dev-projects/roburritos-new/wp-includes/general-template.php(92): locate_template(Array, true, true, Array)
#3 /Users/djohnson/Documents/dev-projects/roburritos-new/wp-content/themes/white-roses/page.php(33): get_footer()
#4 /Users/djohnson/Documents/dev-projects/roburritos-new/wp-includes/template-loader.php(106): include('/Users/djohnson...')
#5 /Users/djohnson/Documents/dev-projects/roburritos-new/wp-blog-header.php(19): require_once('/Users/djohnson...')
#6 /Users/djohnson/Documents/dev-projects/roburritos-new/index.php(17): require('/Users/djohnson...')
#7 {main}
  thrown in /Users/djohnson/Documents/dev-projects/roburritos-new/wp-content/themes/white-roses/footer.php on line 43

2023-11-14T23:01:56+00:00 CRITICAL Uncaught Error: Undefined constant "location" in /Users/djohnson/Documents/dev-projects/roburritos-new/wp-content/themes/white-roses/footer.php:43
Stack trace:
#0 /Users/djohnson/Documents/dev-projects/roburritos-new/wp-includes/template.php(790): require_once()
#1 /Users/djohnson/Documents/dev-projects/roburritos-new/wp-includes/template.php(725): load_template('/Users/djohnson...', true, Array)
#2 /Users/djohnson/Documents/dev-projects/roburritos-new/wp-includes/general-template.php(92): locate_template(Array, true, true, Array)
#3 /Users/djohnson/Documents/dev-projects/roburritos-new/wp-content/themes/white-roses/404.php(60): get_footer()
#4 /Users/djohnson/Documents/dev-projects/roburritos-new/wp-includes/template-loader.php(106): include('/Users/djohnson...')
#5 /Users/djohnson/Documents/dev-projects/roburritos-new/wp-blog-header.php(19): require_once('/Users/djohnson...')
#6 /Users/djohnson/Documents/dev-projects/roburritos-new/index.php(17): require('/Users/djohnson...')
#7 {main}
  thrown in /Users/djohnson/Documents/dev-projects/roburritos-new/wp-content/themes/white-roses/footer.php on line 43

2023-11-14T23:49:27+00:00 CRITICAL syntax error, unexpected identifier "Container" in /Users/djohnson/Documents/dev-projects/roburritos-new/wp-content/themes/white-roses/functions.php on line 28

2023-11-14T23:49:28+00:00 CRITICAL syntax error, unexpected identifier "Container" in /Users/djohnson/Documents/dev-projects/roburritos-new/wp-content/themes/white-roses/functions.php on line 28

