2023-12-10T21:08:45+00:00 CRITICAL Uncaught Error: Call to a member function get_attributes() on bool in /var/www/html/wp-content/plugins/woocommerce/includes/rest-api/Controllers/Version2/class-wc-rest-products-v2-controller.php:465
Stack trace:
#0 /var/www/html/wp-content/plugins/woocommerce/includes/rest-api/Controllers/Version2/class-wc-rest-products-v2-controller.php(574): WC_REST_Products_V2_Controller->get_attribute_taxonomy_name('color', false)
#1 /var/www/html/wp-content/plugins/woocommerce/src/Admin/API/ProductsLowInStock.php(66): WC_REST_Products_V2_Controller->get_attributes(Object(WC_Product_Variation))
#2 [internal function]: Automattic\WooCommerce\Admin\API\ProductsLowInStock->Automattic\WooCommerce\Admin\API\{closure}(Object(stdClass))
#3 /var/www/html/wp-content/plugins/woocommerce/src/Admin/API/ProductsLowInStock.php(69): array_map(Object(Closure), Array)
#4 /var/www/html/wp-includes/rest-api/class-wp-rest-server.php(1193): Automattic\WooCommerce\Admin\API\ProductsLowInStock->get_items(Object(WP_REST_Request))
#5 /var/www/html/wp-includes/rest-api/class-wp-rest-server.php(1041): WP_REST_Server->respond_to_request(Object(WP_REST_Request), '/wc-analytics/p...', Array, NULL)
#6 /var/www/html/wp-includes/rest-api/class-wp-rest-server.php(431): WP_REST_Server->dispatch(Object(WP_REST_Request))
#7 /var/www/html/wp-includes/rest-api.php(424): WP_REST_Server->serve_request('/wc-analytics/p...')
#8 /var/www/html/wp-includes/class-wp-hook.php(324): rest_api_loaded(Object(WP))
#9 /var/www/html/wp-includes/class-wp-hook.php(348): WP_Hook->apply_filters(NULL, Array)
#10 /var/www/html/wp-includes/plugin.php(565): WP_Hook->do_action(Array)
#11 /var/www/html/wp-includes/class-wp.php(418): do_action_ref_array('parse_request', Array)
#12 /var/www/html/wp-includes/class-wp.php(813): WP->parse_request('')
#13 /var/www/html/wp-includes/functions.php(1336): WP->main('')
#14 /var/www/html/wp-blog-header.php(16): wp()
#15 /var/www/html/index.php(17): require('/var/www/html/w...')
#16 {main}
  thrown in /var/www/html/wp-content/plugins/woocommerce/includes/rest-api/Controllers/Version2/class-wc-rest-products-v2-controller.php on line 465

2023-12-10T21:12:34+00:00 CRITICAL Uncaught Error: Call to a member function get_attributes() on bool in /var/www/html/wp-content/plugins/woocommerce/includes/rest-api/Controllers/Version2/class-wc-rest-products-v2-controller.php:465
Stack trace:
#0 /var/www/html/wp-content/plugins/woocommerce/includes/rest-api/Controllers/Version2/class-wc-rest-products-v2-controller.php(574): WC_REST_Products_V2_Controller->get_attribute_taxonomy_name('color', false)
#1 /var/www/html/wp-content/plugins/woocommerce/src/Admin/API/ProductsLowInStock.php(66): WC_REST_Products_V2_Controller->get_attributes(Object(WC_Product_Variation))
#2 [internal function]: Automattic\WooCommerce\Admin\API\ProductsLowInStock->Automattic\WooCommerce\Admin\API\{closure}(Object(stdClass))
#3 /var/www/html/wp-content/plugins/woocommerce/src/Admin/API/ProductsLowInStock.php(69): array_map(Object(Closure), Array)
#4 /var/www/html/wp-includes/rest-api/class-wp-rest-server.php(1193): Automattic\WooCommerce\Admin\API\ProductsLowInStock->get_items(Object(WP_REST_Request))
#5 /var/www/html/wp-includes/rest-api/class-wp-rest-server.php(1041): WP_REST_Server->respond_to_request(Object(WP_REST_Request), '/wc-analytics/p...', Array, NULL)
#6 /var/www/html/wp-includes/rest-api/class-wp-rest-server.php(431): WP_REST_Server->dispatch(Object(WP_REST_Request))
#7 /var/www/html/wp-includes/rest-api.php(424): WP_REST_Server->serve_request('/wc-analytics/p...')
#8 /var/www/html/wp-includes/class-wp-hook.php(324): rest_api_loaded(Object(WP))
#9 /var/www/html/wp-includes/class-wp-hook.php(348): WP_Hook->apply_filters(NULL, Array)
#10 /var/www/html/wp-includes/plugin.php(565): WP_Hook->do_action(Array)
#11 /var/www/html/wp-includes/class-wp.php(418): do_action_ref_array('parse_request', Array)
#12 /var/www/html/wp-includes/class-wp.php(813): WP->parse_request('')
#13 /var/www/html/wp-includes/functions.php(1336): WP->main('')
#14 /var/www/html/wp-blog-header.php(16): wp()
#15 /var/www/html/index.php(17): require('/var/www/html/w...')
#16 {main}
  thrown in /var/www/html/wp-content/plugins/woocommerce/includes/rest-api/Controllers/Version2/class-wc-rest-products-v2-controller.php on line 465

2023-12-10T22:06:44+00:00 CRITICAL Uncaught Error: Call to a member function get_attributes() on bool in /var/www/html/wp-content/plugins/woocommerce/includes/rest-api/Controllers/Version2/class-wc-rest-products-v2-controller.php:465
Stack trace:
#0 /var/www/html/wp-content/plugins/woocommerce/includes/rest-api/Controllers/Version2/class-wc-rest-products-v2-controller.php(574): WC_REST_Products_V2_Controller->get_attribute_taxonomy_name('color', false)
#1 /var/www/html/wp-content/plugins/woocommerce/src/Admin/API/ProductsLowInStock.php(66): WC_REST_Products_V2_Controller->get_attributes(Object(WC_Product_Variation))
#2 [internal function]: Automattic\WooCommerce\Admin\API\ProductsLowInStock->Automattic\WooCommerce\Admin\API\{closure}(Object(stdClass))
#3 /var/www/html/wp-content/plugins/woocommerce/src/Admin/API/ProductsLowInStock.php(69): array_map(Object(Closure), Array)
#4 /var/www/html/wp-includes/rest-api/class-wp-rest-server.php(1193): Automattic\WooCommerce\Admin\API\ProductsLowInStock->get_items(Object(WP_REST_Request))
#5 /var/www/html/wp-includes/rest-api/class-wp-rest-server.php(1041): WP_REST_Server->respond_to_request(Object(WP_REST_Request), '/wc-analytics/p...', Array, NULL)
#6 /var/www/html/wp-includes/rest-api/class-wp-rest-server.php(431): WP_REST_Server->dispatch(Object(WP_REST_Request))
#7 /var/www/html/wp-includes/rest-api.php(424): WP_REST_Server->serve_request('/wc-analytics/p...')
#8 /var/www/html/wp-includes/class-wp-hook.php(324): rest_api_loaded(Object(WP))
#9 /var/www/html/wp-includes/class-wp-hook.php(348): WP_Hook->apply_filters(NULL, Array)
#10 /var/www/html/wp-includes/plugin.php(565): WP_Hook->do_action(Array)
#11 /var/www/html/wp-includes/class-wp.php(418): do_action_ref_array('parse_request', Array)
#12 /var/www/html/wp-includes/class-wp.php(813): WP->parse_request('')
#13 /var/www/html/wp-includes/functions.php(1336): WP->main('')
#14 /var/www/html/wp-blog-header.php(16): wp()
#15 /var/www/html/index.php(17): require('/var/www/html/w...')
#16 {main}
  thrown in /var/www/html/wp-content/plugins/woocommerce/includes/rest-api/Controllers/Version2/class-wc-rest-products-v2-controller.php on line 465

2023-12-10T22:06:46+00:00 CRITICAL Uncaught Error: Call to a member function get_attributes() on bool in /var/www/html/wp-content/plugins/woocommerce/includes/rest-api/Controllers/Version2/class-wc-rest-products-v2-controller.php:465
Stack trace:
#0 /var/www/html/wp-content/plugins/woocommerce/includes/rest-api/Controllers/Version2/class-wc-rest-products-v2-controller.php(574): WC_REST_Products_V2_Controller->get_attribute_taxonomy_name('color', false)
#1 /var/www/html/wp-content/plugins/woocommerce/src/Admin/API/ProductsLowInStock.php(66): WC_REST_Products_V2_Controller->get_attributes(Object(WC_Product_Variation))
#2 [internal function]: Automattic\WooCommerce\Admin\API\ProductsLowInStock->Automattic\WooCommerce\Admin\API\{closure}(Object(stdClass))
#3 /var/www/html/wp-content/plugins/woocommerce/src/Admin/API/ProductsLowInStock.php(69): array_map(Object(Closure), Array)
#4 /var/www/html/wp-includes/rest-api/class-wp-rest-server.php(1193): Automattic\WooCommerce\Admin\API\ProductsLowInStock->get_items(Object(WP_REST_Request))
#5 /var/www/html/wp-includes/rest-api/class-wp-rest-server.php(1041): WP_REST_Server->respond_to_request(Object(WP_REST_Request), '/wc-analytics/p...', Array, NULL)
#6 /var/www/html/wp-includes/rest-api/class-wp-rest-server.php(431): WP_REST_Server->dispatch(Object(WP_REST_Request))
#7 /var/www/html/wp-includes/rest-api.php(424): WP_REST_Server->serve_request('/wc-analytics/p...')
#8 /var/www/html/wp-includes/class-wp-hook.php(324): rest_api_loaded(Object(WP))
#9 /var/www/html/wp-includes/class-wp-hook.php(348): WP_Hook->apply_filters(NULL, Array)
#10 /var/www/html/wp-includes/plugin.php(565): WP_Hook->do_action(Array)
#11 /var/www/html/wp-includes/class-wp.php(418): do_action_ref_array('parse_request', Array)
#12 /var/www/html/wp-includes/class-wp.php(813): WP->parse_request('')
#13 /var/www/html/wp-includes/functions.php(1336): WP->main('')
#14 /var/www/html/wp-blog-header.php(16): wp()
#15 /var/www/html/index.php(17): require('/var/www/html/w...')
#16 {main}
  thrown in /var/www/html/wp-content/plugins/woocommerce/includes/rest-api/Controllers/Version2/class-wc-rest-products-v2-controller.php on line 465

2023-12-10T22:07:16+00:00 CRITICAL Uncaught Error: Call to a member function get_attributes() on bool in /var/www/html/wp-content/plugins/woocommerce/includes/rest-api/Controllers/Version2/class-wc-rest-products-v2-controller.php:465
Stack trace:
#0 /var/www/html/wp-content/plugins/woocommerce/includes/rest-api/Controllers/Version2/class-wc-rest-products-v2-controller.php(574): WC_REST_Products_V2_Controller->get_attribute_taxonomy_name('color', false)
#1 /var/www/html/wp-content/plugins/woocommerce/src/Admin/API/ProductsLowInStock.php(66): WC_REST_Products_V2_Controller->get_attributes(Object(WC_Product_Variation))
#2 [internal function]: Automattic\WooCommerce\Admin\API\ProductsLowInStock->Automattic\WooCommerce\Admin\API\{closure}(Object(stdClass))
#3 /var/www/html/wp-content/plugins/woocommerce/src/Admin/API/ProductsLowInStock.php(69): array_map(Object(Closure), Array)
#4 /var/www/html/wp-includes/rest-api/class-wp-rest-server.php(1193): Automattic\WooCommerce\Admin\API\ProductsLowInStock->get_items(Object(WP_REST_Request))
#5 /var/www/html/wp-includes/rest-api/class-wp-rest-server.php(1041): WP_REST_Server->respond_to_request(Object(WP_REST_Request), '/wc-analytics/p...', Array, NULL)
#6 /var/www/html/wp-includes/rest-api/class-wp-rest-server.php(431): WP_REST_Server->dispatch(Object(WP_REST_Request))
#7 /var/www/html/wp-includes/rest-api.php(424): WP_REST_Server->serve_request('/wc-analytics/p...')
#8 /var/www/html/wp-includes/class-wp-hook.php(324): rest_api_loaded(Object(WP))
#9 /var/www/html/wp-includes/class-wp-hook.php(348): WP_Hook->apply_filters(NULL, Array)
#10 /var/www/html/wp-includes/plugin.php(565): WP_Hook->do_action(Array)
#11 /var/www/html/wp-includes/class-wp.php(418): do_action_ref_array('parse_request', Array)
#12 /var/www/html/wp-includes/class-wp.php(813): WP->parse_request('')
#13 /var/www/html/wp-includes/functions.php(1336): WP->main('')
#14 /var/www/html/wp-blog-header.php(16): wp()
#15 /var/www/html/index.php(17): require('/var/www/html/w...')
#16 {main}
  thrown in /var/www/html/wp-content/plugins/woocommerce/includes/rest-api/Controllers/Version2/class-wc-rest-products-v2-controller.php on line 465

2023-12-10T22:07:18+00:00 CRITICAL Uncaught Error: Call to a member function get_attributes() on bool in /var/www/html/wp-content/plugins/woocommerce/includes/rest-api/Controllers/Version2/class-wc-rest-products-v2-controller.php:465
Stack trace:
#0 /var/www/html/wp-content/plugins/woocommerce/includes/rest-api/Controllers/Version2/class-wc-rest-products-v2-controller.php(574): WC_REST_Products_V2_Controller->get_attribute_taxonomy_name('color', false)
#1 /var/www/html/wp-content/plugins/woocommerce/src/Admin/API/ProductsLowInStock.php(66): WC_REST_Products_V2_Controller->get_attributes(Object(WC_Product_Variation))
#2 [internal function]: Automattic\WooCommerce\Admin\API\ProductsLowInStock->Automattic\WooCommerce\Admin\API\{closure}(Object(stdClass))
#3 /var/www/html/wp-content/plugins/woocommerce/src/Admin/API/ProductsLowInStock.php(69): array_map(Object(Closure), Array)
#4 /var/www/html/wp-includes/rest-api/class-wp-rest-server.php(1193): Automattic\WooCommerce\Admin\API\ProductsLowInStock->get_items(Object(WP_REST_Request))
#5 /var/www/html/wp-includes/rest-api/class-wp-rest-server.php(1041): WP_REST_Server->respond_to_request(Object(WP_REST_Request), '/wc-analytics/p...', Array, NULL)
#6 /var/www/html/wp-includes/rest-api/class-wp-rest-server.php(431): WP_REST_Server->dispatch(Object(WP_REST_Request))
#7 /var/www/html/wp-includes/rest-api.php(424): WP_REST_Server->serve_request('/wc-analytics/p...')
#8 /var/www/html/wp-includes/class-wp-hook.php(324): rest_api_loaded(Object(WP))
#9 /var/www/html/wp-includes/class-wp-hook.php(348): WP_Hook->apply_filters(NULL, Array)
#10 /var/www/html/wp-includes/plugin.php(565): WP_Hook->do_action(Array)
#11 /var/www/html/wp-includes/class-wp.php(418): do_action_ref_array('parse_request', Array)
#12 /var/www/html/wp-includes/class-wp.php(813): WP->parse_request('')
#13 /var/www/html/wp-includes/functions.php(1336): WP->main('')
#14 /var/www/html/wp-blog-header.php(16): wp()
#15 /var/www/html/index.php(17): require('/var/www/html/w...')
#16 {main}
  thrown in /var/www/html/wp-content/plugins/woocommerce/includes/rest-api/Controllers/Version2/class-wc-rest-products-v2-controller.php on line 465

2023-12-10T22:07:26+00:00 CRITICAL Uncaught Error: Call to a member function get_attributes() on bool in /var/www/html/wp-content/plugins/woocommerce/includes/rest-api/Controllers/Version2/class-wc-rest-products-v2-controller.php:465
Stack trace:
#0 /var/www/html/wp-content/plugins/woocommerce/includes/rest-api/Controllers/Version2/class-wc-rest-products-v2-controller.php(574): WC_REST_Products_V2_Controller->get_attribute_taxonomy_name('color', false)
#1 /var/www/html/wp-content/plugins/woocommerce/src/Admin/API/ProductsLowInStock.php(66): WC_REST_Products_V2_Controller->get_attributes(Object(WC_Product_Variation))
#2 [internal function]: Automattic\WooCommerce\Admin\API\ProductsLowInStock->Automattic\WooCommerce\Admin\API\{closure}(Object(stdClass))
#3 /var/www/html/wp-content/plugins/woocommerce/src/Admin/API/ProductsLowInStock.php(69): array_map(Object(Closure), Array)
#4 /var/www/html/wp-includes/rest-api/class-wp-rest-server.php(1193): Automattic\WooCommerce\Admin\API\ProductsLowInStock->get_items(Object(WP_REST_Request))
#5 /var/www/html/wp-includes/rest-api/class-wp-rest-server.php(1041): WP_REST_Server->respond_to_request(Object(WP_REST_Request), '/wc-analytics/p...', Array, NULL)
#6 /var/www/html/wp-includes/rest-api/class-wp-rest-server.php(431): WP_REST_Server->dispatch(Object(WP_REST_Request))
#7 /var/www/html/wp-includes/rest-api.php(424): WP_REST_Server->serve_request('/wc-analytics/p...')
#8 /var/www/html/wp-includes/class-wp-hook.php(324): rest_api_loaded(Object(WP))
#9 /var/www/html/wp-includes/class-wp-hook.php(348): WP_Hook->apply_filters(NULL, Array)
#10 /var/www/html/wp-includes/plugin.php(565): WP_Hook->do_action(Array)
#11 /var/www/html/wp-includes/class-wp.php(418): do_action_ref_array('parse_request', Array)
#12 /var/www/html/wp-includes/class-wp.php(813): WP->parse_request('')
#13 /var/www/html/wp-includes/functions.php(1336): WP->main('')
#14 /var/www/html/wp-blog-header.php(16): wp()
#15 /var/www/html/index.php(17): require('/var/www/html/w...')
#16 {main}
  thrown in /var/www/html/wp-content/plugins/woocommerce/includes/rest-api/Controllers/Version2/class-wc-rest-products-v2-controller.php on line 465

2023-12-10T22:07:29+00:00 CRITICAL Uncaught Error: Call to a member function get_attributes() on bool in /var/www/html/wp-content/plugins/woocommerce/includes/rest-api/Controllers/Version2/class-wc-rest-products-v2-controller.php:465
Stack trace:
#0 /var/www/html/wp-content/plugins/woocommerce/includes/rest-api/Controllers/Version2/class-wc-rest-products-v2-controller.php(574): WC_REST_Products_V2_Controller->get_attribute_taxonomy_name('color', false)
#1 /var/www/html/wp-content/plugins/woocommerce/src/Admin/API/ProductsLowInStock.php(66): WC_REST_Products_V2_Controller->get_attributes(Object(WC_Product_Variation))
#2 [internal function]: Automattic\WooCommerce\Admin\API\ProductsLowInStock->Automattic\WooCommerce\Admin\API\{closure}(Object(stdClass))
#3 /var/www/html/wp-content/plugins/woocommerce/src/Admin/API/ProductsLowInStock.php(69): array_map(Object(Closure), Array)
#4 /var/www/html/wp-includes/rest-api/class-wp-rest-server.php(1193): Automattic\WooCommerce\Admin\API\ProductsLowInStock->get_items(Object(WP_REST_Request))
#5 /var/www/html/wp-includes/rest-api/class-wp-rest-server.php(1041): WP_REST_Server->respond_to_request(Object(WP_REST_Request), '/wc-analytics/p...', Array, NULL)
#6 /var/www/html/wp-includes/rest-api/class-wp-rest-server.php(431): WP_REST_Server->dispatch(Object(WP_REST_Request))
#7 /var/www/html/wp-includes/rest-api.php(424): WP_REST_Server->serve_request('/wc-analytics/p...')
#8 /var/www/html/wp-includes/class-wp-hook.php(324): rest_api_loaded(Object(WP))
#9 /var/www/html/wp-includes/class-wp-hook.php(348): WP_Hook->apply_filters(NULL, Array)
#10 /var/www/html/wp-includes/plugin.php(565): WP_Hook->do_action(Array)
#11 /var/www/html/wp-includes/class-wp.php(418): do_action_ref_array('parse_request', Array)
#12 /var/www/html/wp-includes/class-wp.php(813): WP->parse_request('')
#13 /var/www/html/wp-includes/functions.php(1336): WP->main('')
#14 /var/www/html/wp-blog-header.php(16): wp()
#15 /var/www/html/index.php(17): require('/var/www/html/w...')
#16 {main}
  thrown in /var/www/html/wp-content/plugins/woocommerce/includes/rest-api/Controllers/Version2/class-wc-rest-products-v2-controller.php on line 465

2023-12-10T22:07:34+00:00 CRITICAL Uncaught Error: Call to a member function get_attributes() on bool in /var/www/html/wp-content/plugins/woocommerce/includes/rest-api/Controllers/Version2/class-wc-rest-products-v2-controller.php:465
Stack trace:
#0 /var/www/html/wp-content/plugins/woocommerce/includes/rest-api/Controllers/Version2/class-wc-rest-products-v2-controller.php(574): WC_REST_Products_V2_Controller->get_attribute_taxonomy_name('color', false)
#1 /var/www/html/wp-content/plugins/woocommerce/src/Admin/API/ProductsLowInStock.php(66): WC_REST_Products_V2_Controller->get_attributes(Object(WC_Product_Variation))
#2 [internal function]: Automattic\WooCommerce\Admin\API\ProductsLowInStock->Automattic\WooCommerce\Admin\API\{closure}(Object(stdClass))
#3 /var/www/html/wp-content/plugins/woocommerce/src/Admin/API/ProductsLowInStock.php(69): array_map(Object(Closure), Array)
#4 /var/www/html/wp-includes/rest-api/class-wp-rest-server.php(1193): Automattic\WooCommerce\Admin\API\ProductsLowInStock->get_items(Object(WP_REST_Request))
#5 /var/www/html/wp-includes/rest-api/class-wp-rest-server.php(1041): WP_REST_Server->respond_to_request(Object(WP_REST_Request), '/wc-analytics/p...', Array, NULL)
#6 /var/www/html/wp-includes/rest-api/class-wp-rest-server.php(431): WP_REST_Server->dispatch(Object(WP_REST_Request))
#7 /var/www/html/wp-includes/rest-api.php(424): WP_REST_Server->serve_request('/wc-analytics/p...')
#8 /var/www/html/wp-includes/class-wp-hook.php(324): rest_api_loaded(Object(WP))
#9 /var/www/html/wp-includes/class-wp-hook.php(348): WP_Hook->apply_filters(NULL, Array)
#10 /var/www/html/wp-includes/plugin.php(565): WP_Hook->do_action(Array)
#11 /var/www/html/wp-includes/class-wp.php(418): do_action_ref_array('parse_request', Array)
#12 /var/www/html/wp-includes/class-wp.php(813): WP->parse_request('')
#13 /var/www/html/wp-includes/functions.php(1336): WP->main('')
#14 /var/www/html/wp-blog-header.php(16): wp()
#15 /var/www/html/index.php(17): require('/var/www/html/w...')
#16 {main}
  thrown in /var/www/html/wp-content/plugins/woocommerce/includes/rest-api/Controllers/Version2/class-wc-rest-products-v2-controller.php on line 465

2023-12-10T22:07:36+00:00 CRITICAL Uncaught Error: Call to a member function get_attributes() on bool in /var/www/html/wp-content/plugins/woocommerce/includes/rest-api/Controllers/Version2/class-wc-rest-products-v2-controller.php:465
Stack trace:
#0 /var/www/html/wp-content/plugins/woocommerce/includes/rest-api/Controllers/Version2/class-wc-rest-products-v2-controller.php(574): WC_REST_Products_V2_Controller->get_attribute_taxonomy_name('color', false)
#1 /var/www/html/wp-content/plugins/woocommerce/src/Admin/API/ProductsLowInStock.php(66): WC_REST_Products_V2_Controller->get_attributes(Object(WC_Product_Variation))
#2 [internal function]: Automattic\WooCommerce\Admin\API\ProductsLowInStock->Automattic\WooCommerce\Admin\API\{closure}(Object(stdClass))
#3 /var/www/html/wp-content/plugins/woocommerce/src/Admin/API/ProductsLowInStock.php(69): array_map(Object(Closure), Array)
#4 /var/www/html/wp-includes/rest-api/class-wp-rest-server.php(1193): Automattic\WooCommerce\Admin\API\ProductsLowInStock->get_items(Object(WP_REST_Request))
#5 /var/www/html/wp-includes/rest-api/class-wp-rest-server.php(1041): WP_REST_Server->respond_to_request(Object(WP_REST_Request), '/wc-analytics/p...', Array, NULL)
#6 /var/www/html/wp-includes/rest-api/class-wp-rest-server.php(431): WP_REST_Server->dispatch(Object(WP_REST_Request))
#7 /var/www/html/wp-includes/rest-api.php(424): WP_REST_Server->serve_request('/wc-analytics/p...')
#8 /var/www/html/wp-includes/class-wp-hook.php(324): rest_api_loaded(Object(WP))
#9 /var/www/html/wp-includes/class-wp-hook.php(348): WP_Hook->apply_filters(NULL, Array)
#10 /var/www/html/wp-includes/plugin.php(565): WP_Hook->do_action(Array)
#11 /var/www/html/wp-includes/class-wp.php(418): do_action_ref_array('parse_request', Array)
#12 /var/www/html/wp-includes/class-wp.php(813): WP->parse_request('')
#13 /var/www/html/wp-includes/functions.php(1336): WP->main('')
#14 /var/www/html/wp-blog-header.php(16): wp()
#15 /var/www/html/index.php(17): require('/var/www/html/w...')
#16 {main}
  thrown in /var/www/html/wp-content/plugins/woocommerce/includes/rest-api/Controllers/Version2/class-wc-rest-products-v2-controller.php on line 465

2023-12-10T22:10:51+00:00 CRITICAL Uncaught Error: Call to a member function get_attributes() on bool in /var/www/html/wp-content/plugins/woocommerce/includes/rest-api/Controllers/Version2/class-wc-rest-products-v2-controller.php:465
Stack trace:
#0 /var/www/html/wp-content/plugins/woocommerce/includes/rest-api/Controllers/Version2/class-wc-rest-products-v2-controller.php(574): WC_REST_Products_V2_Controller->get_attribute_taxonomy_name('color', false)
#1 /var/www/html/wp-content/plugins/woocommerce/src/Admin/API/ProductsLowInStock.php(66): WC_REST_Products_V2_Controller->get_attributes(Object(WC_Product_Variation))
#2 [internal function]: Automattic\WooCommerce\Admin\API\ProductsLowInStock->Automattic\WooCommerce\Admin\API\{closure}(Object(stdClass))
#3 /var/www/html/wp-content/plugins/woocommerce/src/Admin/API/ProductsLowInStock.php(69): array_map(Object(Closure), Array)
#4 /var/www/html/wp-includes/rest-api/class-wp-rest-server.php(1193): Automattic\WooCommerce\Admin\API\ProductsLowInStock->get_items(Object(WP_REST_Request))
#5 /var/www/html/wp-includes/rest-api/class-wp-rest-server.php(1041): WP_REST_Server->respond_to_request(Object(WP_REST_Request), '/wc-analytics/p...', Array, NULL)
#6 /var/www/html/wp-includes/rest-api/class-wp-rest-server.php(431): WP_REST_Server->dispatch(Object(WP_REST_Request))
#7 /var/www/html/wp-includes/rest-api.php(424): WP_REST_Server->serve_request('/wc-analytics/p...')
#8 /var/www/html/wp-includes/class-wp-hook.php(324): rest_api_loaded(Object(WP))
#9 /var/www/html/wp-includes/class-wp-hook.php(348): WP_Hook->apply_filters(NULL, Array)
#10 /var/www/html/wp-includes/plugin.php(565): WP_Hook->do_action(Array)
#11 /var/www/html/wp-includes/class-wp.php(418): do_action_ref_array('parse_request', Array)
#12 /var/www/html/wp-includes/class-wp.php(813): WP->parse_request('')
#13 /var/www/html/wp-includes/functions.php(1336): WP->main('')
#14 /var/www/html/wp-blog-header.php(16): wp()
#15 /var/www/html/index.php(17): require('/var/www/html/w...')
#16 {main}
  thrown in /var/www/html/wp-content/plugins/woocommerce/includes/rest-api/Controllers/Version2/class-wc-rest-products-v2-controller.php on line 465

2023-12-10T22:10:52+00:00 CRITICAL Uncaught Error: Call to a member function get_attributes() on bool in /var/www/html/wp-content/plugins/woocommerce/includes/rest-api/Controllers/Version2/class-wc-rest-products-v2-controller.php:465
Stack trace:
#0 /var/www/html/wp-content/plugins/woocommerce/includes/rest-api/Controllers/Version2/class-wc-rest-products-v2-controller.php(574): WC_REST_Products_V2_Controller->get_attribute_taxonomy_name('color', false)
#1 /var/www/html/wp-content/plugins/woocommerce/src/Admin/API/ProductsLowInStock.php(66): WC_REST_Products_V2_Controller->get_attributes(Object(WC_Product_Variation))
#2 [internal function]: Automattic\WooCommerce\Admin\API\ProductsLowInStock->Automattic\WooCommerce\Admin\API\{closure}(Object(stdClass))
#3 /var/www/html/wp-content/plugins/woocommerce/src/Admin/API/ProductsLowInStock.php(69): array_map(Object(Closure), Array)
#4 /var/www/html/wp-includes/rest-api/class-wp-rest-server.php(1193): Automattic\WooCommerce\Admin\API\ProductsLowInStock->get_items(Object(WP_REST_Request))
#5 /var/www/html/wp-includes/rest-api/class-wp-rest-server.php(1041): WP_REST_Server->respond_to_request(Object(WP_REST_Request), '/wc-analytics/p...', Array, NULL)
#6 /var/www/html/wp-includes/rest-api/class-wp-rest-server.php(431): WP_REST_Server->dispatch(Object(WP_REST_Request))
#7 /var/www/html/wp-includes/rest-api.php(424): WP_REST_Server->serve_request('/wc-analytics/p...')
#8 /var/www/html/wp-includes/class-wp-hook.php(324): rest_api_loaded(Object(WP))
#9 /var/www/html/wp-includes/class-wp-hook.php(348): WP_Hook->apply_filters(NULL, Array)
#10 /var/www/html/wp-includes/plugin.php(565): WP_Hook->do_action(Array)
#11 /var/www/html/wp-includes/class-wp.php(418): do_action_ref_array('parse_request', Array)
#12 /var/www/html/wp-includes/class-wp.php(813): WP->parse_request('')
#13 /var/www/html/wp-includes/functions.php(1336): WP->main('')
#14 /var/www/html/wp-blog-header.php(16): wp()
#15 /var/www/html/index.php(17): require('/var/www/html/w...')
#16 {main}
  thrown in /var/www/html/wp-content/plugins/woocommerce/includes/rest-api/Controllers/Version2/class-wc-rest-products-v2-controller.php on line 465

2023-12-10T22:11:25+00:00 CRITICAL Uncaught Error: Call to a member function get_attributes() on bool in /var/www/html/wp-content/plugins/woocommerce/includes/rest-api/Controllers/Version2/class-wc-rest-products-v2-controller.php:465
Stack trace:
#0 /var/www/html/wp-content/plugins/woocommerce/includes/rest-api/Controllers/Version2/class-wc-rest-products-v2-controller.php(574): WC_REST_Products_V2_Controller->get_attribute_taxonomy_name('color', false)
#1 /var/www/html/wp-content/plugins/woocommerce/src/Admin/API/ProductsLowInStock.php(66): WC_REST_Products_V2_Controller->get_attributes(Object(WC_Product_Variation))
#2 [internal function]: Automattic\WooCommerce\Admin\API\ProductsLowInStock->Automattic\WooCommerce\Admin\API\{closure}(Object(stdClass))
#3 /var/www/html/wp-content/plugins/woocommerce/src/Admin/API/ProductsLowInStock.php(69): array_map(Object(Closure), Array)
#4 /var/www/html/wp-includes/rest-api/class-wp-rest-server.php(1193): Automattic\WooCommerce\Admin\API\ProductsLowInStock->get_items(Object(WP_REST_Request))
#5 /var/www/html/wp-includes/rest-api/class-wp-rest-server.php(1041): WP_REST_Server->respond_to_request(Object(WP_REST_Request), '/wc-analytics/p...', Array, NULL)
#6 /var/www/html/wp-includes/rest-api/class-wp-rest-server.php(431): WP_REST_Server->dispatch(Object(WP_REST_Request))
#7 /var/www/html/wp-includes/rest-api.php(424): WP_REST_Server->serve_request('/wc-analytics/p...')
#8 /var/www/html/wp-includes/class-wp-hook.php(324): rest_api_loaded(Object(WP))
#9 /var/www/html/wp-includes/class-wp-hook.php(348): WP_Hook->apply_filters(NULL, Array)
#10 /var/www/html/wp-includes/plugin.php(565): WP_Hook->do_action(Array)
#11 /var/www/html/wp-includes/class-wp.php(418): do_action_ref_array('parse_request', Array)
#12 /var/www/html/wp-includes/class-wp.php(813): WP->parse_request('')
#13 /var/www/html/wp-includes/functions.php(1336): WP->main('')
#14 /var/www/html/wp-blog-header.php(16): wp()
#15 /var/www/html/index.php(17): require('/var/www/html/w...')
#16 {main}
  thrown in /var/www/html/wp-content/plugins/woocommerce/includes/rest-api/Controllers/Version2/class-wc-rest-products-v2-controller.php on line 465

2023-12-10T22:11:46+00:00 CRITICAL Uncaught Error: Call to a member function get_attributes() on bool in /var/www/html/wp-content/plugins/woocommerce/includes/rest-api/Controllers/Version2/class-wc-rest-products-v2-controller.php:465
Stack trace:
#0 /var/www/html/wp-content/plugins/woocommerce/includes/rest-api/Controllers/Version2/class-wc-rest-products-v2-controller.php(574): WC_REST_Products_V2_Controller->get_attribute_taxonomy_name('color', false)
#1 /var/www/html/wp-content/plugins/woocommerce/src/Admin/API/ProductsLowInStock.php(66): WC_REST_Products_V2_Controller->get_attributes(Object(WC_Product_Variation))
#2 [internal function]: Automattic\WooCommerce\Admin\API\ProductsLowInStock->Automattic\WooCommerce\Admin\API\{closure}(Object(stdClass))
#3 /var/www/html/wp-content/plugins/woocommerce/src/Admin/API/ProductsLowInStock.php(69): array_map(Object(Closure), Array)
#4 /var/www/html/wp-includes/rest-api/class-wp-rest-server.php(1193): Automattic\WooCommerce\Admin\API\ProductsLowInStock->get_items(Object(WP_REST_Request))
#5 /var/www/html/wp-includes/rest-api/class-wp-rest-server.php(1041): WP_REST_Server->respond_to_request(Object(WP_REST_Request), '/wc-analytics/p...', Array, NULL)
#6 /var/www/html/wp-includes/rest-api/class-wp-rest-server.php(431): WP_REST_Server->dispatch(Object(WP_REST_Request))
#7 /var/www/html/wp-includes/rest-api.php(424): WP_REST_Server->serve_request('/wc-analytics/p...')
#8 /var/www/html/wp-includes/class-wp-hook.php(324): rest_api_loaded(Object(WP))
#9 /var/www/html/wp-includes/class-wp-hook.php(348): WP_Hook->apply_filters(NULL, Array)
#10 /var/www/html/wp-includes/plugin.php(565): WP_Hook->do_action(Array)
#11 /var/www/html/wp-includes/class-wp.php(418): do_action_ref_array('parse_request', Array)
#12 /var/www/html/wp-includes/class-wp.php(813): WP->parse_request('')
#13 /var/www/html/wp-includes/functions.php(1336): WP->main('')
#14 /var/www/html/wp-blog-header.php(16): wp()
#15 /var/www/html/index.php(17): require('/var/www/html/w...')
#16 {main}
  thrown in /var/www/html/wp-content/plugins/woocommerce/includes/rest-api/Controllers/Version2/class-wc-rest-products-v2-controller.php on line 465

2023-12-10T22:11:58+00:00 CRITICAL Uncaught Error: Call to a member function get_attributes() on bool in /var/www/html/wp-content/plugins/woocommerce/includes/rest-api/Controllers/Version2/class-wc-rest-products-v2-controller.php:465
Stack trace:
#0 /var/www/html/wp-content/plugins/woocommerce/includes/rest-api/Controllers/Version2/class-wc-rest-products-v2-controller.php(574): WC_REST_Products_V2_Controller->get_attribute_taxonomy_name('color', false)
#1 /var/www/html/wp-content/plugins/woocommerce/src/Admin/API/ProductsLowInStock.php(66): WC_REST_Products_V2_Controller->get_attributes(Object(WC_Product_Variation))
#2 [internal function]: Automattic\WooCommerce\Admin\API\ProductsLowInStock->Automattic\WooCommerce\Admin\API\{closure}(Object(stdClass))
#3 /var/www/html/wp-content/plugins/woocommerce/src/Admin/API/ProductsLowInStock.php(69): array_map(Object(Closure), Array)
#4 /var/www/html/wp-includes/rest-api/class-wp-rest-server.php(1193): Automattic\WooCommerce\Admin\API\ProductsLowInStock->get_items(Object(WP_REST_Request))
#5 /var/www/html/wp-includes/rest-api/class-wp-rest-server.php(1041): WP_REST_Server->respond_to_request(Object(WP_REST_Request), '/wc-analytics/p...', Array, NULL)
#6 /var/www/html/wp-includes/rest-api/class-wp-rest-server.php(431): WP_REST_Server->dispatch(Object(WP_REST_Request))
#7 /var/www/html/wp-includes/rest-api.php(424): WP_REST_Server->serve_request('/wc-analytics/p...')
#8 /var/www/html/wp-includes/class-wp-hook.php(324): rest_api_loaded(Object(WP))
#9 /var/www/html/wp-includes/class-wp-hook.php(348): WP_Hook->apply_filters(NULL, Array)
#10 /var/www/html/wp-includes/plugin.php(565): WP_Hook->do_action(Array)
#11 /var/www/html/wp-includes/class-wp.php(418): do_action_ref_array('parse_request', Array)
#12 /var/www/html/wp-includes/class-wp.php(813): WP->parse_request('')
#13 /var/www/html/wp-includes/functions.php(1336): WP->main('')
#14 /var/www/html/wp-blog-header.php(16): wp()
#15 /var/www/html/index.php(17): require('/var/www/html/w...')
#16 {main}
  thrown in /var/www/html/wp-content/plugins/woocommerce/includes/rest-api/Controllers/Version2/class-wc-rest-products-v2-controller.php on line 465

2023-12-10T22:12:07+00:00 CRITICAL Uncaught Error: Call to a member function get_attributes() on bool in /var/www/html/wp-content/plugins/woocommerce/includes/rest-api/Controllers/Version2/class-wc-rest-products-v2-controller.php:465
Stack trace:
#0 /var/www/html/wp-content/plugins/woocommerce/includes/rest-api/Controllers/Version2/class-wc-rest-products-v2-controller.php(574): WC_REST_Products_V2_Controller->get_attribute_taxonomy_name('color', false)
#1 /var/www/html/wp-content/plugins/woocommerce/src/Admin/API/ProductsLowInStock.php(66): WC_REST_Products_V2_Controller->get_attributes(Object(WC_Product_Variation))
#2 [internal function]: Automattic\WooCommerce\Admin\API\ProductsLowInStock->Automattic\WooCommerce\Admin\API\{closure}(Object(stdClass))
#3 /var/www/html/wp-content/plugins/woocommerce/src/Admin/API/ProductsLowInStock.php(69): array_map(Object(Closure), Array)
#4 /var/www/html/wp-includes/rest-api/class-wp-rest-server.php(1193): Automattic\WooCommerce\Admin\API\ProductsLowInStock->get_items(Object(WP_REST_Request))
#5 /var/www/html/wp-includes/rest-api/class-wp-rest-server.php(1041): WP_REST_Server->respond_to_request(Object(WP_REST_Request), '/wc-analytics/p...', Array, NULL)
#6 /var/www/html/wp-includes/rest-api/class-wp-rest-server.php(431): WP_REST_Server->dispatch(Object(WP_REST_Request))
#7 /var/www/html/wp-includes/rest-api.php(424): WP_REST_Server->serve_request('/wc-analytics/p...')
#8 /var/www/html/wp-includes/class-wp-hook.php(324): rest_api_loaded(Object(WP))
#9 /var/www/html/wp-includes/class-wp-hook.php(348): WP_Hook->apply_filters(NULL, Array)
#10 /var/www/html/wp-includes/plugin.php(565): WP_Hook->do_action(Array)
#11 /var/www/html/wp-includes/class-wp.php(418): do_action_ref_array('parse_request', Array)
#12 /var/www/html/wp-includes/class-wp.php(813): WP->parse_request('')
#13 /var/www/html/wp-includes/functions.php(1336): WP->main('')
#14 /var/www/html/wp-blog-header.php(16): wp()
#15 /var/www/html/index.php(17): require('/var/www/html/w...')
#16 {main}
  thrown in /var/www/html/wp-content/plugins/woocommerce/includes/rest-api/Controllers/Version2/class-wc-rest-products-v2-controller.php on line 465

2023-12-10T22:12:29+00:00 CRITICAL Uncaught Error: Call to a member function get_attributes() on bool in /var/www/html/wp-content/plugins/woocommerce/includes/rest-api/Controllers/Version2/class-wc-rest-products-v2-controller.php:465
Stack trace:
#0 /var/www/html/wp-content/plugins/woocommerce/includes/rest-api/Controllers/Version2/class-wc-rest-products-v2-controller.php(574): WC_REST_Products_V2_Controller->get_attribute_taxonomy_name('color', false)
#1 /var/www/html/wp-content/plugins/woocommerce/src/Admin/API/ProductsLowInStock.php(66): WC_REST_Products_V2_Controller->get_attributes(Object(WC_Product_Variation))
#2 [internal function]: Automattic\WooCommerce\Admin\API\ProductsLowInStock->Automattic\WooCommerce\Admin\API\{closure}(Object(stdClass))
#3 /var/www/html/wp-content/plugins/woocommerce/src/Admin/API/ProductsLowInStock.php(69): array_map(Object(Closure), Array)
#4 /var/www/html/wp-includes/rest-api/class-wp-rest-server.php(1193): Automattic\WooCommerce\Admin\API\ProductsLowInStock->get_items(Object(WP_REST_Request))
#5 /var/www/html/wp-includes/rest-api/class-wp-rest-server.php(1041): WP_REST_Server->respond_to_request(Object(WP_REST_Request), '/wc-analytics/p...', Array, NULL)
#6 /var/www/html/wp-includes/rest-api/class-wp-rest-server.php(431): WP_REST_Server->dispatch(Object(WP_REST_Request))
#7 /var/www/html/wp-includes/rest-api.php(424): WP_REST_Server->serve_request('/wc-analytics/p...')
#8 /var/www/html/wp-includes/class-wp-hook.php(324): rest_api_loaded(Object(WP))
#9 /var/www/html/wp-includes/class-wp-hook.php(348): WP_Hook->apply_filters(NULL, Array)
#10 /var/www/html/wp-includes/plugin.php(565): WP_Hook->do_action(Array)
#11 /var/www/html/wp-includes/class-wp.php(418): do_action_ref_array('parse_request', Array)
#12 /var/www/html/wp-includes/class-wp.php(813): WP->parse_request('')
#13 /var/www/html/wp-includes/functions.php(1336): WP->main('')
#14 /var/www/html/wp-blog-header.php(16): wp()
#15 /var/www/html/index.php(17): require('/var/www/html/w...')
#16 {main}
  thrown in /var/www/html/wp-content/plugins/woocommerce/includes/rest-api/Controllers/Version2/class-wc-rest-products-v2-controller.php on line 465

2023-12-10T22:12:30+00:00 CRITICAL Uncaught Error: Call to a member function get_attributes() on bool in /var/www/html/wp-content/plugins/woocommerce/includes/rest-api/Controllers/Version2/class-wc-rest-products-v2-controller.php:465
Stack trace:
#0 /var/www/html/wp-content/plugins/woocommerce/includes/rest-api/Controllers/Version2/class-wc-rest-products-v2-controller.php(574): WC_REST_Products_V2_Controller->get_attribute_taxonomy_name('color', false)
#1 /var/www/html/wp-content/plugins/woocommerce/src/Admin/API/ProductsLowInStock.php(66): WC_REST_Products_V2_Controller->get_attributes(Object(WC_Product_Variation))
#2 [internal function]: Automattic\WooCommerce\Admin\API\ProductsLowInStock->Automattic\WooCommerce\Admin\API\{closure}(Object(stdClass))
#3 /var/www/html/wp-content/plugins/woocommerce/src/Admin/API/ProductsLowInStock.php(69): array_map(Object(Closure), Array)
#4 /var/www/html/wp-includes/rest-api/class-wp-rest-server.php(1193): Automattic\WooCommerce\Admin\API\ProductsLowInStock->get_items(Object(WP_REST_Request))
#5 /var/www/html/wp-includes/rest-api/class-wp-rest-server.php(1041): WP_REST_Server->respond_to_request(Object(WP_REST_Request), '/wc-analytics/p...', Array, NULL)
#6 /var/www/html/wp-includes/rest-api/class-wp-rest-server.php(431): WP_REST_Server->dispatch(Object(WP_REST_Request))
#7 /var/www/html/wp-includes/rest-api.php(424): WP_REST_Server->serve_request('/wc-analytics/p...')
#8 /var/www/html/wp-includes/class-wp-hook.php(324): rest_api_loaded(Object(WP))
#9 /var/www/html/wp-includes/class-wp-hook.php(348): WP_Hook->apply_filters(NULL, Array)
#10 /var/www/html/wp-includes/plugin.php(565): WP_Hook->do_action(Array)
#11 /var/www/html/wp-includes/class-wp.php(418): do_action_ref_array('parse_request', Array)
#12 /var/www/html/wp-includes/class-wp.php(813): WP->parse_request('')
#13 /var/www/html/wp-includes/functions.php(1336): WP->main('')
#14 /var/www/html/wp-blog-header.php(16): wp()
#15 /var/www/html/index.php(17): require('/var/www/html/w...')
#16 {main}
  thrown in /var/www/html/wp-content/plugins/woocommerce/includes/rest-api/Controllers/Version2/class-wc-rest-products-v2-controller.php on line 465

2023-12-10T22:12:31+00:00 CRITICAL Uncaught Error: Call to a member function get_attributes() on bool in /var/www/html/wp-content/plugins/woocommerce/includes/rest-api/Controllers/Version2/class-wc-rest-products-v2-controller.php:465
Stack trace:
#0 /var/www/html/wp-content/plugins/woocommerce/includes/rest-api/Controllers/Version2/class-wc-rest-products-v2-controller.php(574): WC_REST_Products_V2_Controller->get_attribute_taxonomy_name('color', false)
#1 /var/www/html/wp-content/plugins/woocommerce/src/Admin/API/ProductsLowInStock.php(66): WC_REST_Products_V2_Controller->get_attributes(Object(WC_Product_Variation))
#2 [internal function]: Automattic\WooCommerce\Admin\API\ProductsLowInStock->Automattic\WooCommerce\Admin\API\{closure}(Object(stdClass))
#3 /var/www/html/wp-content/plugins/woocommerce/src/Admin/API/ProductsLowInStock.php(69): array_map(Object(Closure), Array)
#4 /var/www/html/wp-includes/rest-api/class-wp-rest-server.php(1193): Automattic\WooCommerce\Admin\API\ProductsLowInStock->get_items(Object(WP_REST_Request))
#5 /var/www/html/wp-includes/rest-api/class-wp-rest-server.php(1041): WP_REST_Server->respond_to_request(Object(WP_REST_Request), '/wc-analytics/p...', Array, NULL)
#6 /var/www/html/wp-includes/rest-api/class-wp-rest-server.php(431): WP_REST_Server->dispatch(Object(WP_REST_Request))
#7 /var/www/html/wp-includes/rest-api.php(424): WP_REST_Server->serve_request('/wc-analytics/p...')
#8 /var/www/html/wp-includes/class-wp-hook.php(324): rest_api_loaded(Object(WP))
#9 /var/www/html/wp-includes/class-wp-hook.php(348): WP_Hook->apply_filters(NULL, Array)
#10 /var/www/html/wp-includes/plugin.php(565): WP_Hook->do_action(Array)
#11 /var/www/html/wp-includes/class-wp.php(418): do_action_ref_array('parse_request', Array)
#12 /var/www/html/wp-includes/class-wp.php(813): WP->parse_request('')
#13 /var/www/html/wp-includes/functions.php(1336): WP->main('')
#14 /var/www/html/wp-blog-header.php(16): wp()
#15 /var/www/html/index.php(17): require('/var/www/html/w...')
#16 {main}
  thrown in /var/www/html/wp-content/plugins/woocommerce/includes/rest-api/Controllers/Version2/class-wc-rest-products-v2-controller.php on line 465

2023-12-10T22:12:32+00:00 CRITICAL Uncaught Error: Call to a member function get_attributes() on bool in /var/www/html/wp-content/plugins/woocommerce/includes/rest-api/Controllers/Version2/class-wc-rest-products-v2-controller.php:465
Stack trace:
#0 /var/www/html/wp-content/plugins/woocommerce/includes/rest-api/Controllers/Version2/class-wc-rest-products-v2-controller.php(574): WC_REST_Products_V2_Controller->get_attribute_taxonomy_name('color', false)
#1 /var/www/html/wp-content/plugins/woocommerce/src/Admin/API/ProductsLowInStock.php(66): WC_REST_Products_V2_Controller->get_attributes(Object(WC_Product_Variation))
#2 [internal function]: Automattic\WooCommerce\Admin\API\ProductsLowInStock->Automattic\WooCommerce\Admin\API\{closure}(Object(stdClass))
#3 /var/www/html/wp-content/plugins/woocommerce/src/Admin/API/ProductsLowInStock.php(69): array_map(Object(Closure), Array)
#4 /var/www/html/wp-includes/rest-api/class-wp-rest-server.php(1193): Automattic\WooCommerce\Admin\API\ProductsLowInStock->get_items(Object(WP_REST_Request))
#5 /var/www/html/wp-includes/rest-api/class-wp-rest-server.php(1041): WP_REST_Server->respond_to_request(Object(WP_REST_Request), '/wc-analytics/p...', Array, NULL)
#6 /var/www/html/wp-includes/rest-api/class-wp-rest-server.php(431): WP_REST_Server->dispatch(Object(WP_REST_Request))
#7 /var/www/html/wp-includes/rest-api.php(424): WP_REST_Server->serve_request('/wc-analytics/p...')
#8 /var/www/html/wp-includes/class-wp-hook.php(324): rest_api_loaded(Object(WP))
#9 /var/www/html/wp-includes/class-wp-hook.php(348): WP_Hook->apply_filters(NULL, Array)
#10 /var/www/html/wp-includes/plugin.php(565): WP_Hook->do_action(Array)
#11 /var/www/html/wp-includes/class-wp.php(418): do_action_ref_array('parse_request', Array)
#12 /var/www/html/wp-includes/class-wp.php(813): WP->parse_request('')
#13 /var/www/html/wp-includes/functions.php(1336): WP->main('')
#14 /var/www/html/wp-blog-header.php(16): wp()
#15 /var/www/html/index.php(17): require('/var/www/html/w...')
#16 {main}
  thrown in /var/www/html/wp-content/plugins/woocommerce/includes/rest-api/Controllers/Version2/class-wc-rest-products-v2-controller.php on line 465

2023-12-10T22:12:40+00:00 CRITICAL Uncaught Error: Call to a member function get_attributes() on bool in /var/www/html/wp-content/plugins/woocommerce/includes/rest-api/Controllers/Version2/class-wc-rest-products-v2-controller.php:465
Stack trace:
#0 /var/www/html/wp-content/plugins/woocommerce/includes/rest-api/Controllers/Version2/class-wc-rest-products-v2-controller.php(574): WC_REST_Products_V2_Controller->get_attribute_taxonomy_name('color', false)
#1 /var/www/html/wp-content/plugins/woocommerce/src/Admin/API/ProductsLowInStock.php(66): WC_REST_Products_V2_Controller->get_attributes(Object(WC_Product_Variation))
#2 [internal function]: Automattic\WooCommerce\Admin\API\ProductsLowInStock->Automattic\WooCommerce\Admin\API\{closure}(Object(stdClass))
#3 /var/www/html/wp-content/plugins/woocommerce/src/Admin/API/ProductsLowInStock.php(69): array_map(Object(Closure), Array)
#4 /var/www/html/wp-includes/rest-api/class-wp-rest-server.php(1193): Automattic\WooCommerce\Admin\API\ProductsLowInStock->get_items(Object(WP_REST_Request))
#5 /var/www/html/wp-includes/rest-api/class-wp-rest-server.php(1041): WP_REST_Server->respond_to_request(Object(WP_REST_Request), '/wc-analytics/p...', Array, NULL)
#6 /var/www/html/wp-includes/rest-api/class-wp-rest-server.php(431): WP_REST_Server->dispatch(Object(WP_REST_Request))
#7 /var/www/html/wp-includes/rest-api.php(424): WP_REST_Server->serve_request('/wc-analytics/p...')
#8 /var/www/html/wp-includes/class-wp-hook.php(324): rest_api_loaded(Object(WP))
#9 /var/www/html/wp-includes/class-wp-hook.php(348): WP_Hook->apply_filters(NULL, Array)
#10 /var/www/html/wp-includes/plugin.php(565): WP_Hook->do_action(Array)
#11 /var/www/html/wp-includes/class-wp.php(418): do_action_ref_array('parse_request', Array)
#12 /var/www/html/wp-includes/class-wp.php(813): WP->parse_request('')
#13 /var/www/html/wp-includes/functions.php(1336): WP->main('')
#14 /var/www/html/wp-blog-header.php(16): wp()
#15 /var/www/html/index.php(17): require('/var/www/html/w...')
#16 {main}
  thrown in /var/www/html/wp-content/plugins/woocommerce/includes/rest-api/Controllers/Version2/class-wc-rest-products-v2-controller.php on line 465

2023-12-10T22:13:54+00:00 CRITICAL Uncaught Error: Call to a member function get_attributes() on bool in /var/www/html/wp-content/plugins/woocommerce/includes/rest-api/Controllers/Version2/class-wc-rest-products-v2-controller.php:465
Stack trace:
#0 /var/www/html/wp-content/plugins/woocommerce/includes/rest-api/Controllers/Version2/class-wc-rest-products-v2-controller.php(574): WC_REST_Products_V2_Controller->get_attribute_taxonomy_name('color', false)
#1 /var/www/html/wp-content/plugins/woocommerce/src/Admin/API/ProductsLowInStock.php(66): WC_REST_Products_V2_Controller->get_attributes(Object(WC_Product_Variation))
#2 [internal function]: Automattic\WooCommerce\Admin\API\ProductsLowInStock->Automattic\WooCommerce\Admin\API\{closure}(Object(stdClass))
#3 /var/www/html/wp-content/plugins/woocommerce/src/Admin/API/ProductsLowInStock.php(69): array_map(Object(Closure), Array)
#4 /var/www/html/wp-includes/rest-api/class-wp-rest-server.php(1193): Automattic\WooCommerce\Admin\API\ProductsLowInStock->get_items(Object(WP_REST_Request))
#5 /var/www/html/wp-includes/rest-api/class-wp-rest-server.php(1041): WP_REST_Server->respond_to_request(Object(WP_REST_Request), '/wc-analytics/p...', Array, NULL)
#6 /var/www/html/wp-includes/rest-api/class-wp-rest-server.php(431): WP_REST_Server->dispatch(Object(WP_REST_Request))
#7 /var/www/html/wp-includes/rest-api.php(424): WP_REST_Server->serve_request('/wc-analytics/p...')
#8 /var/www/html/wp-includes/class-wp-hook.php(324): rest_api_loaded(Object(WP))
#9 /var/www/html/wp-includes/class-wp-hook.php(348): WP_Hook->apply_filters(NULL, Array)
#10 /var/www/html/wp-includes/plugin.php(565): WP_Hook->do_action(Array)
#11 /var/www/html/wp-includes/class-wp.php(418): do_action_ref_array('parse_request', Array)
#12 /var/www/html/wp-includes/class-wp.php(813): WP->parse_request('')
#13 /var/www/html/wp-includes/functions.php(1336): WP->main('')
#14 /var/www/html/wp-blog-header.php(16): wp()
#15 /var/www/html/index.php(17): require('/var/www/html/w...')
#16 {main}
  thrown in /var/www/html/wp-content/plugins/woocommerce/includes/rest-api/Controllers/Version2/class-wc-rest-products-v2-controller.php on line 465

2023-12-10T22:13:57+00:00 CRITICAL Uncaught Error: Call to a member function get_attributes() on bool in /var/www/html/wp-content/plugins/woocommerce/includes/rest-api/Controllers/Version2/class-wc-rest-products-v2-controller.php:465
Stack trace:
#0 /var/www/html/wp-content/plugins/woocommerce/includes/rest-api/Controllers/Version2/class-wc-rest-products-v2-controller.php(574): WC_REST_Products_V2_Controller->get_attribute_taxonomy_name('color', false)
#1 /var/www/html/wp-content/plugins/woocommerce/src/Admin/API/ProductsLowInStock.php(66): WC_REST_Products_V2_Controller->get_attributes(Object(WC_Product_Variation))
#2 [internal function]: Automattic\WooCommerce\Admin\API\ProductsLowInStock->Automattic\WooCommerce\Admin\API\{closure}(Object(stdClass))
#3 /var/www/html/wp-content/plugins/woocommerce/src/Admin/API/ProductsLowInStock.php(69): array_map(Object(Closure), Array)
#4 /var/www/html/wp-includes/rest-api/class-wp-rest-server.php(1193): Automattic\WooCommerce\Admin\API\ProductsLowInStock->get_items(Object(WP_REST_Request))
#5 /var/www/html/wp-includes/rest-api/class-wp-rest-server.php(1041): WP_REST_Server->respond_to_request(Object(WP_REST_Request), '/wc-analytics/p...', Array, NULL)
#6 /var/www/html/wp-includes/rest-api/class-wp-rest-server.php(431): WP_REST_Server->dispatch(Object(WP_REST_Request))
#7 /var/www/html/wp-includes/rest-api.php(424): WP_REST_Server->serve_request('/wc-analytics/p...')
#8 /var/www/html/wp-includes/class-wp-hook.php(324): rest_api_loaded(Object(WP))
#9 /var/www/html/wp-includes/class-wp-hook.php(348): WP_Hook->apply_filters(NULL, Array)
#10 /var/www/html/wp-includes/plugin.php(565): WP_Hook->do_action(Array)
#11 /var/www/html/wp-includes/class-wp.php(418): do_action_ref_array('parse_request', Array)
#12 /var/www/html/wp-includes/class-wp.php(813): WP->parse_request('')
#13 /var/www/html/wp-includes/functions.php(1336): WP->main('')
#14 /var/www/html/wp-blog-header.php(16): wp()
#15 /var/www/html/index.php(17): require('/var/www/html/w...')
#16 {main}
  thrown in /var/www/html/wp-content/plugins/woocommerce/includes/rest-api/Controllers/Version2/class-wc-rest-products-v2-controller.php on line 465

2023-12-10T22:15:32+00:00 CRITICAL Uncaught Error: Call to a member function get_attributes() on bool in /var/www/html/wp-content/plugins/woocommerce/includes/rest-api/Controllers/Version2/class-wc-rest-products-v2-controller.php:465
Stack trace:
#0 /var/www/html/wp-content/plugins/woocommerce/includes/rest-api/Controllers/Version2/class-wc-rest-products-v2-controller.php(574): WC_REST_Products_V2_Controller->get_attribute_taxonomy_name('color', false)
#1 /var/www/html/wp-content/plugins/woocommerce/src/Admin/API/ProductsLowInStock.php(66): WC_REST_Products_V2_Controller->get_attributes(Object(WC_Product_Variation))
#2 [internal function]: Automattic\WooCommerce\Admin\API\ProductsLowInStock->Automattic\WooCommerce\Admin\API\{closure}(Object(stdClass))
#3 /var/www/html/wp-content/plugins/woocommerce/src/Admin/API/ProductsLowInStock.php(69): array_map(Object(Closure), Array)
#4 /var/www/html/wp-includes/rest-api/class-wp-rest-server.php(1193): Automattic\WooCommerce\Admin\API\ProductsLowInStock->get_items(Object(WP_REST_Request))
#5 /var/www/html/wp-includes/rest-api/class-wp-rest-server.php(1041): WP_REST_Server->respond_to_request(Object(WP_REST_Request), '/wc-analytics/p...', Array, NULL)
#6 /var/www/html/wp-includes/rest-api/class-wp-rest-server.php(431): WP_REST_Server->dispatch(Object(WP_REST_Request))
#7 /var/www/html/wp-includes/rest-api.php(424): WP_REST_Server->serve_request('/wc-analytics/p...')
#8 /var/www/html/wp-includes/class-wp-hook.php(324): rest_api_loaded(Object(WP))
#9 /var/www/html/wp-includes/class-wp-hook.php(348): WP_Hook->apply_filters(NULL, Array)
#10 /var/www/html/wp-includes/plugin.php(565): WP_Hook->do_action(Array)
#11 /var/www/html/wp-includes/class-wp.php(418): do_action_ref_array('parse_request', Array)
#12 /var/www/html/wp-includes/class-wp.php(813): WP->parse_request('')
#13 /var/www/html/wp-includes/functions.php(1336): WP->main('')
#14 /var/www/html/wp-blog-header.php(16): wp()
#15 /var/www/html/index.php(17): require('/var/www/html/w...')
#16 {main}
  thrown in /var/www/html/wp-content/plugins/woocommerce/includes/rest-api/Controllers/Version2/class-wc-rest-products-v2-controller.php on line 465

2023-12-10T22:15:33+00:00 CRITICAL Uncaught Error: Call to a member function get_attributes() on bool in /var/www/html/wp-content/plugins/woocommerce/includes/rest-api/Controllers/Version2/class-wc-rest-products-v2-controller.php:465
Stack trace:
#0 /var/www/html/wp-content/plugins/woocommerce/includes/rest-api/Controllers/Version2/class-wc-rest-products-v2-controller.php(574): WC_REST_Products_V2_Controller->get_attribute_taxonomy_name('color', false)
#1 /var/www/html/wp-content/plugins/woocommerce/src/Admin/API/ProductsLowInStock.php(66): WC_REST_Products_V2_Controller->get_attributes(Object(WC_Product_Variation))
#2 [internal function]: Automattic\WooCommerce\Admin\API\ProductsLowInStock->Automattic\WooCommerce\Admin\API\{closure}(Object(stdClass))
#3 /var/www/html/wp-content/plugins/woocommerce/src/Admin/API/ProductsLowInStock.php(69): array_map(Object(Closure), Array)
#4 /var/www/html/wp-includes/rest-api/class-wp-rest-server.php(1193): Automattic\WooCommerce\Admin\API\ProductsLowInStock->get_items(Object(WP_REST_Request))
#5 /var/www/html/wp-includes/rest-api/class-wp-rest-server.php(1041): WP_REST_Server->respond_to_request(Object(WP_REST_Request), '/wc-analytics/p...', Array, NULL)
#6 /var/www/html/wp-includes/rest-api/class-wp-rest-server.php(431): WP_REST_Server->dispatch(Object(WP_REST_Request))
#7 /var/www/html/wp-includes/rest-api.php(424): WP_REST_Server->serve_request('/wc-analytics/p...')
#8 /var/www/html/wp-includes/class-wp-hook.php(324): rest_api_loaded(Object(WP))
#9 /var/www/html/wp-includes/class-wp-hook.php(348): WP_Hook->apply_filters(NULL, Array)
#10 /var/www/html/wp-includes/plugin.php(565): WP_Hook->do_action(Array)
#11 /var/www/html/wp-includes/class-wp.php(418): do_action_ref_array('parse_request', Array)
#12 /var/www/html/wp-includes/class-wp.php(813): WP->parse_request('')
#13 /var/www/html/wp-includes/functions.php(1336): WP->main('')
#14 /var/www/html/wp-blog-header.php(16): wp()
#15 /var/www/html/index.php(17): require('/var/www/html/w...')
#16 {main}
  thrown in /var/www/html/wp-content/plugins/woocommerce/includes/rest-api/Controllers/Version2/class-wc-rest-products-v2-controller.php on line 465

2023-12-10T22:15:35+00:00 CRITICAL Uncaught Error: Call to a member function get_attributes() on bool in /var/www/html/wp-content/plugins/woocommerce/includes/rest-api/Controllers/Version2/class-wc-rest-products-v2-controller.php:465
Stack trace:
#0 /var/www/html/wp-content/plugins/woocommerce/includes/rest-api/Controllers/Version2/class-wc-rest-products-v2-controller.php(574): WC_REST_Products_V2_Controller->get_attribute_taxonomy_name('color', false)
#1 /var/www/html/wp-content/plugins/woocommerce/src/Admin/API/ProductsLowInStock.php(66): WC_REST_Products_V2_Controller->get_attributes(Object(WC_Product_Variation))
#2 [internal function]: Automattic\WooCommerce\Admin\API\ProductsLowInStock->Automattic\WooCommerce\Admin\API\{closure}(Object(stdClass))
#3 /var/www/html/wp-content/plugins/woocommerce/src/Admin/API/ProductsLowInStock.php(69): array_map(Object(Closure), Array)
#4 /var/www/html/wp-includes/rest-api/class-wp-rest-server.php(1193): Automattic\WooCommerce\Admin\API\ProductsLowInStock->get_items(Object(WP_REST_Request))
#5 /var/www/html/wp-includes/rest-api/class-wp-rest-server.php(1041): WP_REST_Server->respond_to_request(Object(WP_REST_Request), '/wc-analytics/p...', Array, NULL)
#6 /var/www/html/wp-includes/rest-api/class-wp-rest-server.php(431): WP_REST_Server->dispatch(Object(WP_REST_Request))
#7 /var/www/html/wp-includes/rest-api.php(424): WP_REST_Server->serve_request('/wc-analytics/p...')
#8 /var/www/html/wp-includes/class-wp-hook.php(324): rest_api_loaded(Object(WP))
#9 /var/www/html/wp-includes/class-wp-hook.php(348): WP_Hook->apply_filters(NULL, Array)
#10 /var/www/html/wp-includes/plugin.php(565): WP_Hook->do_action(Array)
#11 /var/www/html/wp-includes/class-wp.php(418): do_action_ref_array('parse_request', Array)
#12 /var/www/html/wp-includes/class-wp.php(813): WP->parse_request('')
#13 /var/www/html/wp-includes/functions.php(1336): WP->main('')
#14 /var/www/html/wp-blog-header.php(16): wp()
#15 /var/www/html/index.php(17): require('/var/www/html/w...')
#16 {main}
  thrown in /var/www/html/wp-content/plugins/woocommerce/includes/rest-api/Controllers/Version2/class-wc-rest-products-v2-controller.php on line 465

2023-12-10T22:15:37+00:00 CRITICAL Uncaught Error: Call to a member function get_attributes() on bool in /var/www/html/wp-content/plugins/woocommerce/includes/rest-api/Controllers/Version2/class-wc-rest-products-v2-controller.php:465
Stack trace:
#0 /var/www/html/wp-content/plugins/woocommerce/includes/rest-api/Controllers/Version2/class-wc-rest-products-v2-controller.php(574): WC_REST_Products_V2_Controller->get_attribute_taxonomy_name('color', false)
#1 /var/www/html/wp-content/plugins/woocommerce/src/Admin/API/ProductsLowInStock.php(66): WC_REST_Products_V2_Controller->get_attributes(Object(WC_Product_Variation))
#2 [internal function]: Automattic\WooCommerce\Admin\API\ProductsLowInStock->Automattic\WooCommerce\Admin\API\{closure}(Object(stdClass))
#3 /var/www/html/wp-content/plugins/woocommerce/src/Admin/API/ProductsLowInStock.php(69): array_map(Object(Closure), Array)
#4 /var/www/html/wp-includes/rest-api/class-wp-rest-server.php(1193): Automattic\WooCommerce\Admin\API\ProductsLowInStock->get_items(Object(WP_REST_Request))
#5 /var/www/html/wp-includes/rest-api/class-wp-rest-server.php(1041): WP_REST_Server->respond_to_request(Object(WP_REST_Request), '/wc-analytics/p...', Array, NULL)
#6 /var/www/html/wp-includes/rest-api/class-wp-rest-server.php(431): WP_REST_Server->dispatch(Object(WP_REST_Request))
#7 /var/www/html/wp-includes/rest-api.php(424): WP_REST_Server->serve_request('/wc-analytics/p...')
#8 /var/www/html/wp-includes/class-wp-hook.php(324): rest_api_loaded(Object(WP))
#9 /var/www/html/wp-includes/class-wp-hook.php(348): WP_Hook->apply_filters(NULL, Array)
#10 /var/www/html/wp-includes/plugin.php(565): WP_Hook->do_action(Array)
#11 /var/www/html/wp-includes/class-wp.php(418): do_action_ref_array('parse_request', Array)
#12 /var/www/html/wp-includes/class-wp.php(813): WP->parse_request('')
#13 /var/www/html/wp-includes/functions.php(1336): WP->main('')
#14 /var/www/html/wp-blog-header.php(16): wp()
#15 /var/www/html/index.php(17): require('/var/www/html/w...')
#16 {main}
  thrown in /var/www/html/wp-content/plugins/woocommerce/includes/rest-api/Controllers/Version2/class-wc-rest-products-v2-controller.php on line 465

2023-12-10T23:03:20+00:00 CRITICAL Uncaught Error: Call to a member function get_attributes() on bool in /var/www/html/wp-content/plugins/woocommerce/includes/rest-api/Controllers/Version2/class-wc-rest-products-v2-controller.php:465
Stack trace:
#0 /var/www/html/wp-content/plugins/woocommerce/includes/rest-api/Controllers/Version2/class-wc-rest-products-v2-controller.php(574): WC_REST_Products_V2_Controller->get_attribute_taxonomy_name('color', false)
#1 /var/www/html/wp-content/plugins/woocommerce/src/Admin/API/ProductsLowInStock.php(66): WC_REST_Products_V2_Controller->get_attributes(Object(WC_Product_Variation))
#2 [internal function]: Automattic\WooCommerce\Admin\API\ProductsLowInStock->Automattic\WooCommerce\Admin\API\{closure}(Object(stdClass))
#3 /var/www/html/wp-content/plugins/woocommerce/src/Admin/API/ProductsLowInStock.php(69): array_map(Object(Closure), Array)
#4 /var/www/html/wp-includes/rest-api/class-wp-rest-server.php(1193): Automattic\WooCommerce\Admin\API\ProductsLowInStock->get_items(Object(WP_REST_Request))
#5 /var/www/html/wp-includes/rest-api/class-wp-rest-server.php(1041): WP_REST_Server->respond_to_request(Object(WP_REST_Request), '/wc-analytics/p...', Array, NULL)
#6 /var/www/html/wp-includes/rest-api/class-wp-rest-server.php(431): WP_REST_Server->dispatch(Object(WP_REST_Request))
#7 /var/www/html/wp-includes/rest-api.php(424): WP_REST_Server->serve_request('/wc-analytics/p...')
#8 /var/www/html/wp-includes/class-wp-hook.php(324): rest_api_loaded(Object(WP))
#9 /var/www/html/wp-includes/class-wp-hook.php(348): WP_Hook->apply_filters(NULL, Array)
#10 /var/www/html/wp-includes/plugin.php(565): WP_Hook->do_action(Array)
#11 /var/www/html/wp-includes/class-wp.php(418): do_action_ref_array('parse_request', Array)
#12 /var/www/html/wp-includes/class-wp.php(813): WP->parse_request('')
#13 /var/www/html/wp-includes/functions.php(1336): WP->main('')
#14 /var/www/html/wp-blog-header.php(16): wp()
#15 /var/www/html/index.php(17): require('/var/www/html/w...')
#16 {main}
  thrown in /var/www/html/wp-content/plugins/woocommerce/includes/rest-api/Controllers/Version2/class-wc-rest-products-v2-controller.php on line 465

