2023-10-27T00:26:17+00:00 CRITICAL Uncaught Error: Call to undefined function get_breadcrumbs() in /Users/djohnson/Documents/dev-projects/roburritos-new/wp-content/themes/white-roses/woocommerce/archive-product.php:63
Stack trace:
#0 /Users/djohnson/Documents/dev-projects/roburritos-new/wp-includes/template-loader.php(106): include()
#1 /Users/djohnson/Documents/dev-projects/roburritos-new/wp-blog-header.php(19): require_once('/Users/djohnson...')
#2 /Users/djohnson/Documents/dev-projects/roburritos-new/index.php(17): require('/Users/djohnson...')
#3 {main}
  thrown in /Users/djohnson/Documents/dev-projects/roburritos-new/wp-content/themes/white-roses/woocommerce/archive-product.php on line 63

2023-10-27T00:26:30+00:00 CRITICAL Uncaught Error: Call to undefined function get_breadcrumb() in /Users/djohnson/Documents/dev-projects/roburritos-new/wp-content/themes/white-roses/woocommerce/archive-product.php:63
Stack trace:
#0 /Users/djohnson/Documents/dev-projects/roburritos-new/wp-includes/template-loader.php(106): include()
#1 /Users/djohnson/Documents/dev-projects/roburritos-new/wp-blog-header.php(19): require_once('/Users/djohnson...')
#2 /Users/djohnson/Documents/dev-projects/roburritos-new/index.php(17): require('/Users/djohnson...')
#3 {main}
  thrown in /Users/djohnson/Documents/dev-projects/roburritos-new/wp-content/themes/white-roses/woocommerce/archive-product.php on line 63

2023-10-27T00:26:32+00:00 CRITICAL Uncaught Error: Call to undefined function get_breadcrumb() in /Users/djohnson/Documents/dev-projects/roburritos-new/wp-content/themes/white-roses/woocommerce/archive-product.php:63
Stack trace:
#0 /Users/djohnson/Documents/dev-projects/roburritos-new/wp-includes/template-loader.php(106): include()
#1 /Users/djohnson/Documents/dev-projects/roburritos-new/wp-blog-header.php(19): require_once('/Users/djohnson...')
#2 /Users/djohnson/Documents/dev-projects/roburritos-new/index.php(17): require('/Users/djohnson...')
#3 {main}
  thrown in /Users/djohnson/Documents/dev-projects/roburritos-new/wp-content/themes/white-roses/woocommerce/archive-product.php on line 63

2023-10-27T00:40:19+00:00 CRITICAL Uncaught TypeError: Unsupported operand types: int * string in /Users/djohnson/Documents/dev-projects/roburritos-new/wp-content/themes/white-roses/woocommerce/archive-product.php:76
Stack trace:
#0 /Users/djohnson/Documents/dev-projects/roburritos-new/wp-includes/template-loader.php(106): include()
#1 /Users/djohnson/Documents/dev-projects/roburritos-new/wp-blog-header.php(19): require_once('/Users/djohnson...')
#2 /Users/djohnson/Documents/dev-projects/roburritos-new/index.php(17): require('/Users/djohnson...')
#3 {main}
  thrown in /Users/djohnson/Documents/dev-projects/roburritos-new/wp-content/themes/white-roses/woocommerce/archive-product.php on line 76

