2024-03-28T00:01:01+00:00 CRITICAL Uncaught Error: Undefined constant "string" in /var/www/html/wp-content/themes/white-roses/footer.php:96
Stack trace:
#0 /var/www/html/wp-includes/template.php(790): require_once()
#1 /var/www/html/wp-includes/template.php(725): load_template('/var/www/html/w...', true, Array)
#2 /var/www/html/wp-includes/general-template.php(92): locate_template(Array, true, true, Array)
#3 /var/www/html/wp-content/themes/white-roses/page.php(33): get_footer()
#4 /var/www/html/wp-includes/template-loader.php(106): include('/var/www/html/w...')
#5 /var/www/html/wp-blog-header.php(19): require_once('/var/www/html/w...')
#6 /var/www/html/index.php(17): require('/var/www/html/w...')
#7 {main}
  thrown in /var/www/html/wp-content/themes/white-roses/footer.php on line 96

2024-03-28T00:01:02+00:00 CRITICAL Uncaught Error: Undefined constant "string" in /var/www/html/wp-content/themes/white-roses/footer.php:96
Stack trace:
#0 /var/www/html/wp-includes/template.php(790): require_once()
#1 /var/www/html/wp-includes/template.php(725): load_template('/var/www/html/w...', true, Array)
#2 /var/www/html/wp-includes/general-template.php(92): locate_template(Array, true, true, Array)
#3 /var/www/html/wp-content/themes/white-roses/404.php(36): get_footer()
#4 /var/www/html/wp-includes/template-loader.php(106): include('/var/www/html/w...')
#5 /var/www/html/wp-blog-header.php(19): require_once('/var/www/html/w...')
#6 /var/www/html/index.php(17): require('/var/www/html/w...')
#7 {main}
  thrown in /var/www/html/wp-content/themes/white-roses/footer.php on line 96

2024-03-28T00:01:02+00:00 CRITICAL Uncaught Error: Undefined constant "string" in /var/www/html/wp-content/themes/white-roses/footer.php:96
Stack trace:
#0 /var/www/html/wp-includes/template.php(790): require_once()
#1 /var/www/html/wp-includes/template.php(725): load_template('/var/www/html/w...', true, Array)
#2 /var/www/html/wp-includes/general-template.php(92): locate_template(Array, true, true, Array)
#3 /var/www/html/wp-content/themes/white-roses/404.php(36): get_footer()
#4 /var/www/html/wp-includes/template-loader.php(106): include('/var/www/html/w...')
#5 /var/www/html/wp-blog-header.php(19): require_once('/var/www/html/w...')
#6 /var/www/html/index.php(17): require('/var/www/html/w...')
#7 {main}
  thrown in /var/www/html/wp-content/themes/white-roses/footer.php on line 96

2024-03-28T00:01:02+00:00 CRITICAL Uncaught Error: Undefined constant "string" in /var/www/html/wp-content/themes/white-roses/footer.php:96
Stack trace:
#0 /var/www/html/wp-includes/template.php(790): require_once()
#1 /var/www/html/wp-includes/template.php(725): load_template('/var/www/html/w...', true, Array)
#2 /var/www/html/wp-includes/general-template.php(92): locate_template(Array, true, true, Array)
#3 /var/www/html/wp-content/themes/white-roses/404.php(36): get_footer()
#4 /var/www/html/wp-includes/template-loader.php(106): include('/var/www/html/w...')
#5 /var/www/html/wp-blog-header.php(19): require_once('/var/www/html/w...')
#6 /var/www/html/index.php(17): require('/var/www/html/w...')
#7 {main}
  thrown in /var/www/html/wp-content/themes/white-roses/footer.php on line 96

2024-03-28T00:01:02+00:00 CRITICAL Uncaught Error: Undefined constant "string" in /var/www/html/wp-content/themes/white-roses/footer.php:96
Stack trace:
#0 /var/www/html/wp-includes/template.php(790): require_once()
#1 /var/www/html/wp-includes/template.php(725): load_template('/var/www/html/w...', true, Array)
#2 /var/www/html/wp-includes/general-template.php(92): locate_template(Array, true, true, Array)
#3 /var/www/html/wp-content/themes/white-roses/404.php(36): get_footer()
#4 /var/www/html/wp-includes/template-loader.php(106): include('/var/www/html/w...')
#5 /var/www/html/wp-blog-header.php(19): require_once('/var/www/html/w...')
#6 /var/www/html/index.php(17): require('/var/www/html/w...')
#7 {main}
  thrown in /var/www/html/wp-content/themes/white-roses/footer.php on line 96

