[2023-11-20T05:20:19.167887+00:00] fs.DEBUG: Method settings:  Enabled: yes  Method Title: Flexible Shipping  Method Description:   Tax status: None  Costs includes tax: no  Free Shipping:   Free Shipping Label: Free  'Left to free shipping' notice: no  Rules Calculation: Sum  Cart Calculation: Package value  Visibility (Show only for logged in users): no  Default: no  Debug mode: no Integration: none  {"section":"shipping method configuration"} []
[2023-11-20T05:20:19.173325+00:00] fs.DEBUG: Contents value: 7 USD {"section":"input data"} []
[2023-11-20T05:20:19.173593+00:00] fs.DEBUG: Contents weight: N/A {"section":"input data"} []
[2023-11-20T05:20:19.174188+00:00] fs.DEBUG: Rule 1: {"section":"rules (triggered)"} []
[2023-11-20T05:20:19.174328+00:00] fs.DEBUG:    Condition: Weight; min: 0; max: 4; input data: 0; matched: yes {"section":"rules (triggered)"} []
[2023-11-20T05:20:19.174468+00:00] fs.DEBUG:    Matched items: Blackberry Warship - 5oz (qty: 1) {"section":"rules (triggered)"} []
[2023-11-20T05:20:19.174745+00:00] fs.DEBUG:    Matched items cost: 7 USD {"section":"rules (triggered)"} []
[2023-11-20T05:20:19.174973+00:00] fs.DEBUG:    Matched items weight: N/A {"section":"rules (triggered)"} []
[2023-11-20T05:20:19.175192+00:00] fs.DEBUG:    Rule costs: {"section":"rules (triggered)"} []
[2023-11-20T05:20:19.175284+00:00] fs.DEBUG:     rule cost is: 0 {"section":"rules (triggered)"} []
[2023-11-20T05:20:19.175562+00:00] fs.DEBUG:    Calculated rule cost: 0 USD {"section":"rules (triggered)"} []
[2023-11-20T05:20:19.175772+00:00] fs.DEBUG: Rule 2: {"section":"rules (not triggered)"} []
[2023-11-20T05:20:19.175926+00:00] fs.DEBUG:    Condition: Weight; min: 4.01; max: 9.999; input data: 0; matched: no {"section":"rules (not triggered)"} []
[2023-11-20T05:20:19.176098+00:00] fs.DEBUG: Rule 3: {"section":"rules (not triggered)"} []
[2023-11-20T05:20:19.176155+00:00] fs.DEBUG:    Condition: Weight; min: 10; max: 18; input data: 0; matched: no {"section":"rules (not triggered)"} []
[2023-11-20T05:20:19.176359+00:00] fs.DEBUG: Rule 4: {"section":"rules (not triggered)"} []
[2023-11-20T05:20:19.176414+00:00] fs.DEBUG:    Condition: Weight; min: 18.01; max: 50; input data: 0; matched: no {"section":"rules (not triggered)"} []
[2023-11-20T05:20:19.176617+00:00] fs.DEBUG: Rule 5: {"section":"rules (not triggered)"} []
[2023-11-20T05:20:19.176688+00:00] fs.DEBUG:    Condition: Weight; min: 50.01; max: 200; input data: 0; matched: no {"section":"rules (not triggered)"} []
[2023-11-20T05:20:19.176878+00:00] fs.DEBUG: Rule 6: {"section":"rules (not triggered)"} []
[2023-11-20T05:20:19.177052+00:00] fs.DEBUG:    Condition: Weight; min: 200.01; max: 400; input data: 0; matched: no {"section":"rules (not triggered)"} []
[2023-11-20T05:20:19.177194+00:00] fs.DEBUG: Used and displayed in the cart/checkout: yes {"section":"the result of shipping method's usage"} []
[2023-11-20T05:20:19.177268+00:00] fs.DEBUG: Calculated shipping cost: 0 USD {"section":"the result of shipping method's usage"} []
[2023-11-20T05:20:19.177484+00:00] fs.DEBUG: Free shipping: no {"section":"the result of shipping method's usage"} []
[2023-11-20T05:20:19.177576+00:00] fs.DEBUG: Shipping method ID: flexible_shipping_single:13 {"section":"the result of shipping method's usage"} []
[2023-11-20T05:20:19.177793+00:00] fs.DEBUG: Shipping method title: Flexible Shipping (Free) {"section":"the result of shipping method's usage"} []
[2023-11-20T05:20:19.178082+00:00] fs.DEBUG: Shipping cost added. {"section":"the result of shipping method's usage"} []
[2023-11-20T05:20:43.680290+00:00] fs.DEBUG: Method settings:  Enabled: yes  Method Title: Flexible Shipping  Method Description:   Tax status: None  Costs includes tax: no  Free Shipping:   Free Shipping Label: Free  'Left to free shipping' notice: no  Rules Calculation: Sum  Cart Calculation: Package value  Visibility (Show only for logged in users): no  Default: no  Debug mode: no Integration: none  {"section":"shipping method configuration"} []
[2023-11-20T05:20:43.682845+00:00] fs.DEBUG: Contents value: 14 USD {"section":"input data"} []
[2023-11-20T05:20:43.683394+00:00] fs.DEBUG: Contents weight: N/A {"section":"input data"} []
[2023-11-20T05:20:43.683736+00:00] fs.DEBUG: Rule 1: {"section":"rules (triggered)"} []
[2023-11-20T05:20:43.683946+00:00] fs.DEBUG:    Condition: Weight; min: 0; max: 4; input data: 0; matched: yes {"section":"rules (triggered)"} []
[2023-11-20T05:20:43.684066+00:00] fs.DEBUG:    Matched items: Blackberry Warship - 5oz (qty: 1), Ghost Pepper Salsa - 10 oz (qty: 1) {"section":"rules (triggered)"} []
[2023-11-20T05:20:43.684347+00:00] fs.DEBUG:    Matched items cost: 14 USD {"section":"rules (triggered)"} []
[2023-11-20T05:20:43.684551+00:00] fs.DEBUG:    Matched items weight: N/A {"section":"rules (triggered)"} []
[2023-11-20T05:20:43.684759+00:00] fs.DEBUG:    Rule costs: {"section":"rules (triggered)"} []
[2023-11-20T05:20:43.684819+00:00] fs.DEBUG:     rule cost is: 0 {"section":"rules (triggered)"} []
[2023-11-20T05:20:43.685031+00:00] fs.DEBUG:    Calculated rule cost: 0 USD {"section":"rules (triggered)"} []
[2023-11-20T05:20:43.685389+00:00] fs.DEBUG: Rule 2: {"section":"rules (not triggered)"} []
[2023-11-20T05:20:43.685567+00:00] fs.DEBUG:    Condition: Weight; min: 4.01; max: 9.999; input data: 0; matched: no {"section":"rules (not triggered)"} []
[2023-11-20T05:20:43.685763+00:00] fs.DEBUG: Rule 3: {"section":"rules (not triggered)"} []
[2023-11-20T05:20:43.685844+00:00] fs.DEBUG:    Condition: Weight; min: 10; max: 18; input data: 0; matched: no {"section":"rules (not triggered)"} []
[2023-11-20T05:20:43.686155+00:00] fs.DEBUG: Rule 4: {"section":"rules (not triggered)"} []
[2023-11-20T05:20:43.686418+00:00] fs.DEBUG:    Condition: Weight; min: 18.01; max: 50; input data: 0; matched: no {"section":"rules (not triggered)"} []
[2023-11-20T05:20:43.686693+00:00] fs.DEBUG: Rule 5: {"section":"rules (not triggered)"} []
[2023-11-20T05:20:43.686812+00:00] fs.DEBUG:    Condition: Weight; min: 50.01; max: 200; input data: 0; matched: no {"section":"rules (not triggered)"} []
[2023-11-20T05:20:43.687144+00:00] fs.DEBUG: Rule 6: {"section":"rules (not triggered)"} []
[2023-11-20T05:20:43.687454+00:00] fs.DEBUG:    Condition: Weight; min: 200.01; max: 400; input data: 0; matched: no {"section":"rules (not triggered)"} []
[2023-11-20T05:20:43.687552+00:00] fs.DEBUG: Used and displayed in the cart/checkout: yes {"section":"the result of shipping method's usage"} []
[2023-11-20T05:20:43.687739+00:00] fs.DEBUG: Calculated shipping cost: 0 USD {"section":"the result of shipping method's usage"} []
[2023-11-20T05:20:43.687897+00:00] fs.DEBUG: Free shipping: no {"section":"the result of shipping method's usage"} []
[2023-11-20T05:20:43.688075+00:00] fs.DEBUG: Shipping method ID: flexible_shipping_single:13 {"section":"the result of shipping method's usage"} []
[2023-11-20T05:20:43.688202+00:00] fs.DEBUG: Shipping method title: Flexible Shipping (Free) {"section":"the result of shipping method's usage"} []
[2023-11-20T05:20:43.688597+00:00] fs.DEBUG: Shipping cost added. {"section":"the result of shipping method's usage"} []
[2023-11-20T05:20:52.391334+00:00] fs.DEBUG: Method settings:  Enabled: yes  Method Title: Flexible Shipping  Method Description:   Tax status: None  Costs includes tax: no  Free Shipping:   Free Shipping Label: Free  'Left to free shipping' notice: no  Rules Calculation: Sum  Cart Calculation: Package value  Visibility (Show only for logged in users): no  Default: no  Debug mode: no Integration: none  {"section":"shipping method configuration"} []
[2023-11-20T05:20:52.392976+00:00] fs.DEBUG: Contents value: 7 USD {"section":"input data"} []
[2023-11-20T05:20:52.393233+00:00] fs.DEBUG: Contents weight: N/A {"section":"input data"} []
[2023-11-20T05:20:52.393641+00:00] fs.DEBUG: Rule 1: {"section":"rules (triggered)"} []
[2023-11-20T05:20:52.393981+00:00] fs.DEBUG:    Condition: Weight; min: 0; max: 4; input data: 0; matched: yes {"section":"rules (triggered)"} []
[2023-11-20T05:20:52.394118+00:00] fs.DEBUG:    Matched items: Ghost Pepper Salsa - 10 oz (qty: 1) {"section":"rules (triggered)"} []
[2023-11-20T05:20:52.394838+00:00] fs.DEBUG:    Matched items cost: 7 USD {"section":"rules (triggered)"} []
[2023-11-20T05:20:52.395136+00:00] fs.DEBUG:    Matched items weight: N/A {"section":"rules (triggered)"} []
[2023-11-20T05:20:52.395484+00:00] fs.DEBUG:    Rule costs: {"section":"rules (triggered)"} []
[2023-11-20T05:20:52.395790+00:00] fs.DEBUG:     rule cost is: 0 {"section":"rules (triggered)"} []
[2023-11-20T05:20:52.395958+00:00] fs.DEBUG:    Calculated rule cost: 0 USD {"section":"rules (triggered)"} []
[2023-11-20T05:20:52.396258+00:00] fs.DEBUG: Rule 2: {"section":"rules (not triggered)"} []
[2023-11-20T05:20:52.396614+00:00] fs.DEBUG:    Condition: Weight; min: 4.01; max: 9.999; input data: 0; matched: no {"section":"rules (not triggered)"} []
[2023-11-20T05:20:52.396813+00:00] fs.DEBUG: Rule 3: {"section":"rules (not triggered)"} []
[2023-11-20T05:20:52.397137+00:00] fs.DEBUG:    Condition: Weight; min: 10; max: 18; input data: 0; matched: no {"section":"rules (not triggered)"} []
[2023-11-20T05:20:52.397756+00:00] fs.DEBUG: Rule 4: {"section":"rules (not triggered)"} []
[2023-11-20T05:20:52.397924+00:00] fs.DEBUG:    Condition: Weight; min: 18.01; max: 50; input data: 0; matched: no {"section":"rules (not triggered)"} []
[2023-11-20T05:20:52.398641+00:00] fs.DEBUG: Rule 5: {"section":"rules (not triggered)"} []
[2023-11-20T05:20:52.398839+00:00] fs.DEBUG:    Condition: Weight; min: 50.01; max: 200; input data: 0; matched: no {"section":"rules (not triggered)"} []
[2023-11-20T05:20:52.399005+00:00] fs.DEBUG: Rule 6: {"section":"rules (not triggered)"} []
[2023-11-20T05:20:52.399568+00:00] fs.DEBUG:    Condition: Weight; min: 200.01; max: 400; input data: 0; matched: no {"section":"rules (not triggered)"} []
[2023-11-20T05:20:52.399903+00:00] fs.DEBUG: Used and displayed in the cart/checkout: yes {"section":"the result of shipping method's usage"} []
[2023-11-20T05:20:52.400095+00:00] fs.DEBUG: Calculated shipping cost: 0 USD {"section":"the result of shipping method's usage"} []
[2023-11-20T05:20:52.400320+00:00] fs.DEBUG: Free shipping: no {"section":"the result of shipping method's usage"} []
[2023-11-20T05:20:52.400409+00:00] fs.DEBUG: Shipping method ID: flexible_shipping_single:13 {"section":"the result of shipping method's usage"} []
[2023-11-20T05:20:52.400833+00:00] fs.DEBUG: Shipping method title: Flexible Shipping (Free) {"section":"the result of shipping method's usage"} []
[2023-11-20T05:20:52.401225+00:00] fs.DEBUG: Shipping cost added. {"section":"the result of shipping method's usage"} []
[2023-11-20T05:22:58.872204+00:00] fs.DEBUG: Method settings:  Enabled: yes  Method Title: Flexible Shipping  Method Description:   Tax status: None  Costs includes tax: no  Free Shipping:   Free Shipping Label: Free  'Left to free shipping' notice: no  Rules Calculation: Sum  Cart Calculation: Package value  Visibility (Show only for logged in users): no  Default: no  Debug mode: no Integration: none  {"section":"shipping method configuration"} []
[2023-11-20T05:22:58.874175+00:00] fs.DEBUG: Contents value: 14 USD {"section":"input data"} []
[2023-11-20T05:22:58.874386+00:00] fs.DEBUG: Contents weight: 11 oz {"section":"input data"} []
[2023-11-20T05:22:58.874728+00:00] fs.DEBUG: Rule 1: {"section":"rules (not triggered)"} []
[2023-11-20T05:22:58.874941+00:00] fs.DEBUG:    Condition: Weight; min: 0; max: 4; input data: 11; matched: no {"section":"rules (not triggered)"} []
[2023-11-20T05:22:58.875199+00:00] fs.DEBUG: Rule 2: {"section":"rules (not triggered)"} []
[2023-11-20T05:22:58.875319+00:00] fs.DEBUG:    Condition: Weight; min: 4.01; max: 9.999; input data: 11; matched: no {"section":"rules (not triggered)"} []
[2023-11-20T05:22:58.875591+00:00] fs.DEBUG: Rule 3: {"section":"rules (triggered)"} []
[2023-11-20T05:22:58.875730+00:00] fs.DEBUG:    Condition: Weight; min: 10; max: 18; input data: 11; matched: yes {"section":"rules (triggered)"} []
[2023-11-20T05:22:58.875790+00:00] fs.DEBUG:    Matched items: Ghost Pepper Salsa (qty: 1) {"section":"rules (triggered)"} []
[2023-11-20T05:22:58.875969+00:00] fs.DEBUG:    Matched items cost: 14 USD {"section":"rules (triggered)"} []
[2023-11-20T05:22:58.876229+00:00] fs.DEBUG:    Matched items weight: 11 oz {"section":"rules (triggered)"} []
[2023-11-20T05:22:58.876357+00:00] fs.DEBUG:    Rule costs: {"section":"rules (triggered)"} []
[2023-11-20T05:22:58.876582+00:00] fs.DEBUG:     rule cost is: 8 {"section":"rules (triggered)"} []
[2023-11-20T05:22:58.876778+00:00] fs.DEBUG:    Calculated rule cost: 8 USD {"section":"rules (triggered)"} []
[2023-11-20T05:22:58.876946+00:00] fs.DEBUG: Rule 4: {"section":"rules (not triggered)"} []
[2023-11-20T05:22:58.877086+00:00] fs.DEBUG:    Condition: Weight; min: 18.01; max: 50; input data: 11; matched: no {"section":"rules (not triggered)"} []
[2023-11-20T05:22:58.877279+00:00] fs.DEBUG: Rule 5: {"section":"rules (not triggered)"} []
[2023-11-20T05:22:58.877372+00:00] fs.DEBUG:    Condition: Weight; min: 50.01; max: 200; input data: 11; matched: no {"section":"rules (not triggered)"} []
[2023-11-20T05:22:58.877570+00:00] fs.DEBUG: Rule 6: {"section":"rules (not triggered)"} []
[2023-11-20T05:22:58.877694+00:00] fs.DEBUG:    Condition: Weight; min: 200.01; max: 400; input data: 11; matched: no {"section":"rules (not triggered)"} []
[2023-11-20T05:22:58.877872+00:00] fs.DEBUG: Used and displayed in the cart/checkout: yes {"section":"the result of shipping method's usage"} []
[2023-11-20T05:22:58.877969+00:00] fs.DEBUG: Calculated shipping cost: 8 USD {"section":"the result of shipping method's usage"} []
[2023-11-20T05:22:58.878115+00:00] fs.DEBUG: Free shipping: no {"section":"the result of shipping method's usage"} []
[2023-11-20T05:22:58.878170+00:00] fs.DEBUG: Shipping method ID: flexible_shipping_single:13 {"section":"the result of shipping method's usage"} []
[2023-11-20T05:22:58.878312+00:00] fs.DEBUG: Shipping method title: Flexible Shipping {"section":"the result of shipping method's usage"} []
[2023-11-20T05:22:58.878562+00:00] fs.DEBUG: Shipping cost added. {"section":"the result of shipping method's usage"} []
[2023-11-20T05:24:00.783829+00:00] fs.DEBUG: Method settings:  Enabled: yes  Method Title: Flexible Shipping  Method Description:   Tax status: None  Costs includes tax: no  Free Shipping:   Free Shipping Label: Free  'Left to free shipping' notice: no  Rules Calculation: Sum  Cart Calculation: Package value  Visibility (Show only for logged in users): no  Default: no  Debug mode: no Integration: none  {"section":"shipping method configuration"} []
[2023-11-20T05:24:00.785641+00:00] fs.DEBUG: Contents value: 14 USD {"section":"input data"} []
[2023-11-20T05:24:00.785969+00:00] fs.DEBUG: Contents weight: 11 oz {"section":"input data"} []
[2023-11-20T05:24:00.786338+00:00] fs.DEBUG: Rule 1: {"section":"rules (not triggered)"} []
[2023-11-20T05:24:00.786465+00:00] fs.DEBUG:    Condition: Weight; min: 0; max: 4; input data: 11; matched: no {"section":"rules (not triggered)"} []
[2023-11-20T05:24:00.786720+00:00] fs.DEBUG: Rule 2: {"section":"rules (not triggered)"} []
[2023-11-20T05:24:00.787100+00:00] fs.DEBUG:    Condition: Weight; min: 4.01; max: 9.999; input data: 11; matched: no {"section":"rules (not triggered)"} []
[2023-11-20T05:24:00.787505+00:00] fs.DEBUG: Rule 3: {"section":"rules (triggered)"} []
[2023-11-20T05:24:00.787704+00:00] fs.DEBUG:    Condition: Weight; min: 10; max: 18; input data: 11; matched: yes {"section":"rules (triggered)"} []
[2023-11-20T05:24:00.787904+00:00] fs.DEBUG:    Matched items: Ghost Pepper Salsa - 10 (qty: 1) {"section":"rules (triggered)"} []
[2023-11-20T05:24:00.788066+00:00] fs.DEBUG:    Matched items cost: 14 USD {"section":"rules (triggered)"} []
[2023-11-20T05:24:00.788135+00:00] fs.DEBUG:    Matched items weight: 11 oz {"section":"rules (triggered)"} []
[2023-11-20T05:24:00.788305+00:00] fs.DEBUG:    Rule costs: {"section":"rules (triggered)"} []
[2023-11-20T05:24:00.788421+00:00] fs.DEBUG:     rule cost is: 8 {"section":"rules (triggered)"} []
[2023-11-20T05:24:00.788670+00:00] fs.DEBUG:    Calculated rule cost: 8 USD {"section":"rules (triggered)"} []
[2023-11-20T05:24:00.788831+00:00] fs.DEBUG: Rule 4: {"section":"rules (not triggered)"} []
[2023-11-20T05:24:00.789016+00:00] fs.DEBUG:    Condition: Weight; min: 18.01; max: 50; input data: 11; matched: no {"section":"rules (not triggered)"} []
[2023-11-20T05:24:00.789225+00:00] fs.DEBUG: Rule 5: {"section":"rules (not triggered)"} []
[2023-11-20T05:24:00.789363+00:00] fs.DEBUG:    Condition: Weight; min: 50.01; max: 200; input data: 11; matched: no {"section":"rules (not triggered)"} []
[2023-11-20T05:24:00.789618+00:00] fs.DEBUG: Rule 6: {"section":"rules (not triggered)"} []
[2023-11-20T05:24:00.789755+00:00] fs.DEBUG:    Condition: Weight; min: 200.01; max: 400; input data: 11; matched: no {"section":"rules (not triggered)"} []
[2023-11-20T05:24:00.789942+00:00] fs.DEBUG: Used and displayed in the cart/checkout: yes {"section":"the result of shipping method's usage"} []
[2023-11-20T05:24:00.790107+00:00] fs.DEBUG: Calculated shipping cost: 8 USD {"section":"the result of shipping method's usage"} []
[2023-11-20T05:24:00.790293+00:00] fs.DEBUG: Free shipping: no {"section":"the result of shipping method's usage"} []
[2023-11-20T05:24:00.790442+00:00] fs.DEBUG: Shipping method ID: flexible_shipping_single:13 {"section":"the result of shipping method's usage"} []
[2023-11-20T05:24:00.790627+00:00] fs.DEBUG: Shipping method title: Flexible Shipping {"section":"the result of shipping method's usage"} []
[2023-11-20T05:24:00.790901+00:00] fs.DEBUG: Shipping cost added. {"section":"the result of shipping method's usage"} []
[2023-11-20T05:25:18.430710+00:00] fs.DEBUG: Method settings:  Enabled: yes  Method Title: Flexible Shipping  Method Description:   Tax status: None  Costs includes tax: no  Free Shipping:   Free Shipping Label: Free  'Left to free shipping' notice: no  Rules Calculation: Sum  Cart Calculation: Package value  Visibility (Show only for logged in users): no  Default: no  Debug mode: no Integration: none  {"section":"shipping method configuration"} []
[2023-11-20T05:25:18.432622+00:00] fs.DEBUG: Contents value: 14 USD {"section":"input data"} []
[2023-11-20T05:25:18.432862+00:00] fs.DEBUG: Contents weight: 11 oz {"section":"input data"} []
[2023-11-20T05:25:18.433342+00:00] fs.DEBUG: Rule 1: {"section":"rules (not triggered)"} []
[2023-11-20T05:25:18.433614+00:00] fs.DEBUG:    Condition: Weight; min: 0; max: 4; input data: 11; matched: no {"section":"rules (not triggered)"} []
[2023-11-20T05:25:18.433774+00:00] fs.DEBUG: Rule 2: {"section":"rules (not triggered)"} []
[2023-11-20T05:25:18.433940+00:00] fs.DEBUG:    Condition: Weight; min: 4.01; max: 9.999; input data: 11; matched: no {"section":"rules (not triggered)"} []
[2023-11-20T05:25:18.434325+00:00] fs.DEBUG: Rule 3: {"section":"rules (triggered)"} []
[2023-11-20T05:25:18.434478+00:00] fs.DEBUG:    Condition: Weight; min: 10; max: 18; input data: 11; matched: yes {"section":"rules (triggered)"} []
[2023-11-20T05:25:18.434892+00:00] fs.DEBUG:    Matched items: Ghost Pepper Salsa - 10 oz (qty: 1) {"section":"rules (triggered)"} []
[2023-11-20T05:25:18.435046+00:00] fs.DEBUG:    Matched items cost: 14 USD {"section":"rules (triggered)"} []
[2023-11-20T05:25:18.435421+00:00] fs.DEBUG:    Matched items weight: 11 oz {"section":"rules (triggered)"} []
[2023-11-20T05:25:18.435538+00:00] fs.DEBUG:    Rule costs: {"section":"rules (triggered)"} []
[2023-11-20T05:25:18.435693+00:00] fs.DEBUG:     rule cost is: 8 {"section":"rules (triggered)"} []
[2023-11-20T05:25:18.435934+00:00] fs.DEBUG:    Calculated rule cost: 8 USD {"section":"rules (triggered)"} []
[2023-11-20T05:25:18.436131+00:00] fs.DEBUG: Rule 4: {"section":"rules (not triggered)"} []
[2023-11-20T05:25:18.436284+00:00] fs.DEBUG:    Condition: Weight; min: 18.01; max: 50; input data: 11; matched: no {"section":"rules (not triggered)"} []
[2023-11-20T05:25:18.436461+00:00] fs.DEBUG: Rule 5: {"section":"rules (not triggered)"} []
[2023-11-20T05:25:18.436622+00:00] fs.DEBUG:    Condition: Weight; min: 50.01; max: 200; input data: 11; matched: no {"section":"rules (not triggered)"} []
[2023-11-20T05:25:18.436805+00:00] fs.DEBUG: Rule 6: {"section":"rules (not triggered)"} []
[2023-11-20T05:25:18.437042+00:00] fs.DEBUG:    Condition: Weight; min: 200.01; max: 400; input data: 11; matched: no {"section":"rules (not triggered)"} []
[2023-11-20T05:25:18.437147+00:00] fs.DEBUG: Used and displayed in the cart/checkout: yes {"section":"the result of shipping method's usage"} []
[2023-11-20T05:25:18.437308+00:00] fs.DEBUG: Calculated shipping cost: 8 USD {"section":"the result of shipping method's usage"} []
[2023-11-20T05:25:18.437609+00:00] fs.DEBUG: Free shipping: no {"section":"the result of shipping method's usage"} []
[2023-11-20T05:25:18.437744+00:00] fs.DEBUG: Shipping method ID: flexible_shipping_single:13 {"section":"the result of shipping method's usage"} []
[2023-11-20T05:25:18.438005+00:00] fs.DEBUG: Shipping method title: Flexible Shipping {"section":"the result of shipping method's usage"} []
[2023-11-20T05:25:18.438356+00:00] fs.DEBUG: Shipping cost added. {"section":"the result of shipping method's usage"} []
